===2018-08-30 23:13:34.558 INFO  com.rumo.RumoSpringbootBlogappApplication Line:50  - Starting RumoSpringbootBlogappApplication on 5W16038EWPHNENY with PID 12852 (started by Administrator in F:\濡沫VIP课程\maven\rumo-springboot-blogapp)
===2018-08-30 23:13:34.559 INFO  com.rumo.RumoSpringbootBlogappApplication Line:666 - The following profiles are active: prod
===2018-08-30 23:13:34.561 INFO  org.springframework.boot.web.servlet.context.AnnotationConfigServletWebServerApplicationContext Line:590 - Refreshing org.springframework.boot.web.servlet.context.AnnotationConfigServletWebServerApplicationContext@483804b7: startup date [Thu Aug 30 23:13:34 CST 2018]; root of context hierarchy
===2018-08-30 23:13:34.822 INFO  org.springframework.boot.web.embedded.tomcat.TomcatWebServer Line:91  - Tomcat initialized with port(s): 8080 (http)
===2018-08-30 23:13:34.839 INFO  org.springframework.web.context.ContextLoader Line:285 - Root WebApplicationContext: initialization completed in 278 ms
===2018-08-30 23:13:34.847 INFO  org.springframework.boot.web.servlet.ServletRegistrationBean Line:187 - Servlet dispatcherServlet mapped to [/]
===2018-08-30 23:13:34.847 INFO  org.springframework.boot.web.servlet.ServletRegistrationBean Line:187 - Servlet statViewServlet mapped to [/druid/*]
===2018-08-30 23:13:34.847 INFO  org.springframework.boot.web.servlet.FilterRegistrationBean Line:245 - Mapping filter: 'characterEncodingFilter' to: [/*]
===2018-08-30 23:13:34.848 INFO  org.springframework.boot.web.servlet.FilterRegistrationBean Line:245 - Mapping filter: 'hiddenHttpMethodFilter' to: [/*]
===2018-08-30 23:13:34.848 INFO  org.springframework.boot.web.servlet.FilterRegistrationBean Line:245 - Mapping filter: 'httpPutFormContentFilter' to: [/*]
===2018-08-30 23:13:34.848 INFO  org.springframework.boot.web.servlet.FilterRegistrationBean Line:245 - Mapping filter: 'requestContextFilter' to: [/*]
===2018-08-30 23:13:34.848 INFO  org.springframework.boot.web.servlet.FilterRegistrationBean Line:258 - Mapping filter: 'webStatFilter' to urls: [/*]
===2018-08-30 23:13:34.864 INFO  com.alibaba.druid.spring.boot.autoconfigure.DruidDataSourceAutoConfigure Line:56  - Init DruidDataSource
===2018-08-30 23:13:34.881 INFO  com.alibaba.druid.pool.DruidDataSource Line:930 - {dataSource-15} inited
===2018-08-30 23:13:34.929 INFO  org.springframework.web.servlet.handler.SimpleUrlHandlerMapping Line:373 - Mapped URL path [/**/favicon.ico] onto handler of type [class org.springframework.web.servlet.resource.ResourceHttpRequestHandler]
===2018-08-30 23:13:34.957 INFO  org.springframework.web.servlet.mvc.method.annotation.RequestMappingHandlerAdapter Line:574 - Looking for @ControllerAdvice: org.springframework.boot.web.servlet.context.AnnotationConfigServletWebServerApplicationContext@483804b7: startup date [Thu Aug 30 23:13:34 CST 2018]; root of context hierarchy
===2018-08-30 23:13:34.961 INFO  org.springframework.web.servlet.mvc.method.annotation.RequestMappingHandlerMapping Line:547 - Mapped "{[/index]}" onto public java.lang.String com.rumo.controller.IndexController.index()
===2018-08-30 23:13:34.962 INFO  org.springframework.web.servlet.mvc.method.annotation.RequestMappingHandlerMapping Line:547 - Mapped "{[/blogs/{pageNo}/{pageSize}],methods=[GET]}" onto public com.rumo.vo.ServerResponse2 com.rumo.controller.IndexController.findBlogs(java.lang.Integer,java.lang.Integer,java.lang.String,java.lang.String)
===2018-08-30 23:13:34.963 INFO  org.springframework.web.servlet.mvc.method.annotation.RequestMappingHandlerMapping Line:547 - Mapped "{[/error]}" onto public org.springframework.http.ResponseEntity<java.util.Map<java.lang.String, java.lang.Object>> org.springframework.boot.autoconfigure.web.servlet.error.BasicErrorController.error(javax.servlet.http.HttpServletRequest)
===2018-08-30 23:13:34.963 INFO  org.springframework.web.servlet.mvc.method.annotation.RequestMappingHandlerMapping Line:547 - Mapped "{[/error],produces=[text/html]}" onto public org.springframework.web.servlet.ModelAndView org.springframework.boot.autoconfigure.web.servlet.error.BasicErrorController.errorHtml(javax.servlet.http.HttpServletRequest,javax.servlet.http.HttpServletResponse)
===2018-08-30 23:13:34.967 INFO  org.springframework.web.servlet.handler.SimpleUrlHandlerMapping Line:373 - Mapped URL path [/webjars/**] onto handler of type [class org.springframework.web.servlet.resource.ResourceHttpRequestHandler]
===2018-08-30 23:13:34.968 INFO  org.springframework.web.servlet.handler.SimpleUrlHandlerMapping Line:373 - Mapped URL path [/**] onto handler of type [class org.springframework.web.servlet.resource.ResourceHttpRequestHandler]
===2018-08-30 23:13:34.977 INFO  org.springframework.boot.autoconfigure.web.servlet.WelcomePageHandlerMapping Line:61  - Adding welcome page template: index
===2018-08-30 23:13:34.988 INFO  org.springframework.web.servlet.view.freemarker.FreeMarkerConfigurer Line:131 - ClassTemplateLoader for Spring macros added to FreeMarker configuration
===2018-08-30 23:13:35.005 INFO  org.springframework.boot.devtools.autoconfigure.OptionalLiveReloadServer Line:57  - LiveReload server is running on port 35729
===2018-08-30 23:13:35.019 INFO  org.springframework.jmx.export.annotation.AnnotationMBeanExporter Line:433 - Registering beans for JMX exposure on startup
===2018-08-30 23:13:35.020 INFO  org.springframework.jmx.export.annotation.AnnotationMBeanExporter Line:895 - Bean with name 'statFilter' has been autodetected for JMX exposure
===2018-08-30 23:13:35.020 INFO  org.springframework.jmx.export.annotation.AnnotationMBeanExporter Line:895 - Bean with name 'dataSource' has been autodetected for JMX exposure
===2018-08-30 23:13:35.021 INFO  org.springframework.jmx.export.annotation.AnnotationMBeanExporter Line:668 - Located MBean 'dataSource': registering with JMX server as MBean [com.alibaba.druid.spring.boot.autoconfigure:name=dataSource,type=DruidDataSourceWrapper]
===2018-08-30 23:13:35.021 INFO  org.springframework.jmx.export.annotation.AnnotationMBeanExporter Line:668 - Located MBean 'statFilter': registering with JMX server as MBean [com.alibaba.druid.filter.stat:name=statFilter,type=StatFilter]
===2018-08-30 23:13:35.026 INFO  org.springframework.boot.web.embedded.tomcat.TomcatWebServer Line:206 - Tomcat started on port(s): 8080 (http) with context path ''
===2018-08-30 23:13:35.027 INFO  com.rumo.RumoSpringbootBlogappApplication Line:59  - Started RumoSpringbootBlogappApplication in 0.499 seconds (JVM running for 246.257)
===2018-08-30 23:13:35.028 INFO  org.springframework.boot.devtools.autoconfigure.ConditionEvaluationDeltaLoggingListener Line:56  - Condition evaluation unchanged
===2018-08-30 23:13:42.046 INFO  org.springframework.web.servlet.DispatcherServlet Line:494 - FrameworkServlet 'dispatcherServlet': initialization started
===2018-08-30 23:13:42.052 INFO  org.springframework.web.servlet.DispatcherServlet Line:509 - FrameworkServlet 'dispatcherServlet': initialization completed in 6 ms
===2018-08-30 23:14:21.707 INFO  org.springframework.boot.web.servlet.context.AnnotationConfigServletWebServerApplicationContext Line:993 - Closing org.springframework.boot.web.servlet.context.AnnotationConfigServletWebServerApplicationContext@483804b7: startup date [Thu Aug 30 23:13:34 CST 2018]; root of context hierarchy
===2018-08-30 23:14:21.709 INFO  org.springframework.jmx.export.annotation.AnnotationMBeanExporter Line:451 - Unregistering JMX-exposed beans on shutdown
===2018-08-30 23:14:21.709 INFO  org.springframework.jmx.export.annotation.AnnotationMBeanExporter Line:185 - Unregistering JMX-exposed beans
===2018-08-30 23:14:21.710 INFO  com.alibaba.druid.pool.DruidDataSource Line:1825 - {dataSource-15} closed
===2018-08-30 23:14:22.145 INFO  com.rumo.RumoSpringbootBlogappApplication Line:50  - Starting RumoSpringbootBlogappApplication on 5W16038EWPHNENY with PID 12852 (started by Administrator in F:\濡沫VIP课程\maven\rumo-springboot-blogapp)
===2018-08-30 23:14:22.146 INFO  com.rumo.RumoSpringbootBlogappApplication Line:666 - The following profiles are active: prod
===2018-08-30 23:14:22.148 INFO  org.springframework.boot.web.servlet.context.AnnotationConfigServletWebServerApplicationContext Line:590 - Refreshing org.springframework.boot.web.servlet.context.AnnotationConfigServletWebServerApplicationContext@10a9d1fc: startup date [Thu Aug 30 23:14:22 CST 2018]; root of context hierarchy
===2018-08-30 23:14:22.468 INFO  org.springframework.boot.web.embedded.tomcat.TomcatWebServer Line:91  - Tomcat initialized with port(s): 8080 (http)
===2018-08-30 23:14:22.485 INFO  org.springframework.web.context.ContextLoader Line:285 - Root WebApplicationContext: initialization completed in 337 ms
===2018-08-30 23:14:22.503 INFO  org.springframework.boot.web.servlet.ServletRegistrationBean Line:187 - Servlet dispatcherServlet mapped to [/]
===2018-08-30 23:14:22.503 INFO  org.springframework.boot.web.servlet.ServletRegistrationBean Line:187 - Servlet statViewServlet mapped to [/druid/*]
===2018-08-30 23:14:22.503 INFO  org.springframework.boot.web.servlet.FilterRegistrationBean Line:245 - Mapping filter: 'characterEncodingFilter' to: [/*]
===2018-08-30 23:14:22.503 INFO  org.springframework.boot.web.servlet.FilterRegistrationBean Line:245 - Mapping filter: 'hiddenHttpMethodFilter' to: [/*]
===2018-08-30 23:14:22.504 INFO  org.springframework.boot.web.servlet.FilterRegistrationBean Line:245 - Mapping filter: 'httpPutFormContentFilter' to: [/*]
===2018-08-30 23:14:22.504 INFO  org.springframework.boot.web.servlet.FilterRegistrationBean Line:245 - Mapping filter: 'requestContextFilter' to: [/*]
===2018-08-30 23:14:22.504 INFO  org.springframework.boot.web.servlet.FilterRegistrationBean Line:258 - Mapping filter: 'webStatFilter' to urls: [/*]
===2018-08-30 23:14:22.526 INFO  com.alibaba.druid.spring.boot.autoconfigure.DruidDataSourceAutoConfigure Line:56  - Init DruidDataSource
===2018-08-30 23:14:22.542 INFO  com.alibaba.druid.pool.DruidDataSource Line:930 - {dataSource-16} inited
===2018-08-30 23:14:22.600 INFO  org.springframework.web.servlet.handler.SimpleUrlHandlerMapping Line:373 - Mapped URL path [/**/favicon.ico] onto handler of type [class org.springframework.web.servlet.resource.ResourceHttpRequestHandler]
===2018-08-30 23:14:22.635 INFO  org.springframework.web.servlet.mvc.method.annotation.RequestMappingHandlerAdapter Line:574 - Looking for @ControllerAdvice: org.springframework.boot.web.servlet.context.AnnotationConfigServletWebServerApplicationContext@10a9d1fc: startup date [Thu Aug 30 23:14:22 CST 2018]; root of context hierarchy
===2018-08-30 23:14:22.640 INFO  org.springframework.web.servlet.mvc.method.annotation.RequestMappingHandlerMapping Line:547 - Mapped "{[/index]}" onto public java.lang.String com.rumo.controller.IndexController.index()
===2018-08-30 23:14:22.641 INFO  org.springframework.web.servlet.mvc.method.annotation.RequestMappingHandlerMapping Line:547 - Mapped "{[/blogs/{pageNo}/{pageSize}],methods=[GET]}" onto public com.rumo.vo.ServerResponse2 com.rumo.controller.IndexController.findBlogs(java.lang.Integer,java.lang.Integer,java.lang.String,java.lang.String)
===2018-08-30 23:14:22.641 INFO  org.springframework.web.servlet.mvc.method.annotation.RequestMappingHandlerMapping Line:547 - Mapped "{[/error]}" onto public org.springframework.http.ResponseEntity<java.util.Map<java.lang.String, java.lang.Object>> org.springframework.boot.autoconfigure.web.servlet.error.BasicErrorController.error(javax.servlet.http.HttpServletRequest)
===2018-08-30 23:14:22.642 INFO  org.springframework.web.servlet.mvc.method.annotation.RequestMappingHandlerMapping Line:547 - Mapped "{[/error],produces=[text/html]}" onto public org.springframework.web.servlet.ModelAndView org.springframework.boot.autoconfigure.web.servlet.error.BasicErrorController.errorHtml(javax.servlet.http.HttpServletRequest,javax.servlet.http.HttpServletResponse)
===2018-08-30 23:14:22.646 INFO  org.springframework.web.servlet.handler.SimpleUrlHandlerMapping Line:373 - Mapped URL path [/webjars/**] onto handler of type [class org.springframework.web.servlet.resource.ResourceHttpRequestHandler]
===2018-08-30 23:14:22.646 INFO  org.springframework.web.servlet.handler.SimpleUrlHandlerMapping Line:373 - Mapped URL path [/**] onto handler of type [class org.springframework.web.servlet.resource.ResourceHttpRequestHandler]
===2018-08-30 23:14:22.660 INFO  org.springframework.boot.autoconfigure.web.servlet.WelcomePageHandlerMapping Line:61  - Adding welcome page template: index
===2018-08-30 23:14:22.679 INFO  org.springframework.web.servlet.view.freemarker.FreeMarkerConfigurer Line:131 - ClassTemplateLoader for Spring macros added to FreeMarker configuration
===2018-08-30 23:14:22.710 INFO  org.springframework.boot.devtools.autoconfigure.OptionalLiveReloadServer Line:57  - LiveReload server is running on port 35729
===2018-08-30 23:14:22.721 INFO  org.springframework.jmx.export.annotation.AnnotationMBeanExporter Line:433 - Registering beans for JMX exposure on startup
===2018-08-30 23:14:22.722 INFO  org.springframework.jmx.export.annotation.AnnotationMBeanExporter Line:895 - Bean with name 'statFilter' has been autodetected for JMX exposure
===2018-08-30 23:14:22.722 INFO  org.springframework.jmx.export.annotation.AnnotationMBeanExporter Line:895 - Bean with name 'dataSource' has been autodetected for JMX exposure
===2018-08-30 23:14:22.724 INFO  org.springframework.jmx.export.annotation.AnnotationMBeanExporter Line:668 - Located MBean 'dataSource': registering with JMX server as MBean [com.alibaba.druid.spring.boot.autoconfigure:name=dataSource,type=DruidDataSourceWrapper]
===2018-08-30 23:14:22.724 INFO  org.springframework.jmx.export.annotation.AnnotationMBeanExporter Line:668 - Located MBean 'statFilter': registering with JMX server as MBean [com.alibaba.druid.filter.stat:name=statFilter,type=StatFilter]
===2018-08-30 23:14:22.733 INFO  org.springframework.boot.web.embedded.tomcat.TomcatWebServer Line:206 - Tomcat started on port(s): 8080 (http) with context path ''
===2018-08-30 23:14:22.734 INFO  com.rumo.RumoSpringbootBlogappApplication Line:59  - Started RumoSpringbootBlogappApplication in 0.645 seconds (JVM running for 293.964)
===2018-08-30 23:14:22.735 INFO  org.springframework.boot.devtools.autoconfigure.ConditionEvaluationDeltaLoggingListener Line:56  - Condition evaluation unchanged
===2018-08-30 23:14:31.442 INFO  org.springframework.web.servlet.DispatcherServlet Line:494 - FrameworkServlet 'dispatcherServlet': initialization started
===2018-08-30 23:14:31.444 INFO  org.springframework.web.servlet.DispatcherServlet Line:509 - FrameworkServlet 'dispatcherServlet': initialization completed in 1 ms
===2018-08-30 23:14:44.274 INFO  org.springframework.boot.web.servlet.context.AnnotationConfigServletWebServerApplicationContext Line:993 - Closing org.springframework.boot.web.servlet.context.AnnotationConfigServletWebServerApplicationContext@10a9d1fc: startup date [Thu Aug 30 23:14:22 CST 2018]; root of context hierarchy
===2018-08-30 23:14:44.276 INFO  org.springframework.jmx.export.annotation.AnnotationMBeanExporter Line:451 - Unregistering JMX-exposed beans on shutdown
===2018-08-30 23:14:44.277 INFO  org.springframework.jmx.export.annotation.AnnotationMBeanExporter Line:185 - Unregistering JMX-exposed beans
===2018-08-30 23:14:44.279 INFO  com.alibaba.druid.pool.DruidDataSource Line:1825 - {dataSource-16} closed
===2018-08-30 23:14:57.996 INFO  com.rumo.RumoSpringbootBlogappApplication Line:50  - Starting RumoSpringbootBlogappApplication on 5W16038EWPHNENY with PID 12852 (started by Administrator in F:\濡沫VIP课程\maven\rumo-springboot-blogapp)
===2018-08-30 23:14:57.996 INFO  com.rumo.RumoSpringbootBlogappApplication Line:666 - The following profiles are active: prod
===2018-08-30 23:14:57.998 INFO  org.springframework.boot.web.servlet.context.AnnotationConfigServletWebServerApplicationContext Line:590 - Refreshing org.springframework.boot.web.servlet.context.AnnotationConfigServletWebServerApplicationContext@3a78cec1: startup date [Thu Aug 30 23:14:57 CST 2018]; root of context hierarchy
===2018-08-30 23:14:58.249 INFO  org.springframework.boot.web.embedded.tomcat.TomcatWebServer Line:91  - Tomcat initialized with port(s): 8080 (http)
===2018-08-30 23:14:58.267 INFO  org.springframework.web.context.ContextLoader Line:285 - Root WebApplicationContext: initialization completed in 269 ms
===2018-08-30 23:14:58.275 INFO  org.springframework.boot.web.servlet.ServletRegistrationBean Line:187 - Servlet dispatcherServlet mapped to [/]
===2018-08-30 23:14:58.275 INFO  org.springframework.boot.web.servlet.ServletRegistrationBean Line:187 - Servlet statViewServlet mapped to [/druid/*]
===2018-08-30 23:14:58.275 INFO  org.springframework.boot.web.servlet.FilterRegistrationBean Line:245 - Mapping filter: 'characterEncodingFilter' to: [/*]
===2018-08-30 23:14:58.276 INFO  org.springframework.boot.web.servlet.FilterRegistrationBean Line:245 - Mapping filter: 'hiddenHttpMethodFilter' to: [/*]
===2018-08-30 23:14:58.276 INFO  org.springframework.boot.web.servlet.FilterRegistrationBean Line:245 - Mapping filter: 'httpPutFormContentFilter' to: [/*]
===2018-08-30 23:14:58.276 INFO  org.springframework.boot.web.servlet.FilterRegistrationBean Line:245 - Mapping filter: 'requestContextFilter' to: [/*]
===2018-08-30 23:14:58.276 INFO  org.springframework.boot.web.servlet.FilterRegistrationBean Line:258 - Mapping filter: 'webStatFilter' to urls: [/*]
===2018-08-30 23:14:58.292 INFO  com.alibaba.druid.spring.boot.autoconfigure.DruidDataSourceAutoConfigure Line:56  - Init DruidDataSource
===2018-08-30 23:14:58.303 INFO  com.alibaba.druid.pool.DruidDataSource Line:930 - {dataSource-18} inited
===2018-08-30 23:14:58.363 INFO  org.springframework.web.servlet.handler.SimpleUrlHandlerMapping Line:373 - Mapped URL path [/**/favicon.ico] onto handler of type [class org.springframework.web.servlet.resource.ResourceHttpRequestHandler]
===2018-08-30 23:14:58.387 INFO  org.springframework.web.servlet.mvc.method.annotation.RequestMappingHandlerAdapter Line:574 - Looking for @ControllerAdvice: org.springframework.boot.web.servlet.context.AnnotationConfigServletWebServerApplicationContext@3a78cec1: startup date [Thu Aug 30 23:14:57 CST 2018]; root of context hierarchy
===2018-08-30 23:14:58.391 INFO  org.springframework.web.servlet.mvc.method.annotation.RequestMappingHandlerMapping Line:547 - Mapped "{[/index]}" onto public java.lang.String com.rumo.controller.IndexController.index()
===2018-08-30 23:14:58.391 INFO  org.springframework.web.servlet.mvc.method.annotation.RequestMappingHandlerMapping Line:547 - Mapped "{[/blogs/{pageNo}/{pageSize}],methods=[GET]}" onto public com.rumo.vo.ServerResponse2 com.rumo.controller.IndexController.findBlogs(java.lang.Integer,java.lang.Integer,java.lang.String,java.lang.String)
===2018-08-30 23:14:58.392 INFO  org.springframework.web.servlet.mvc.method.annotation.RequestMappingHandlerMapping Line:547 - Mapped "{[/error]}" onto public org.springframework.http.ResponseEntity<java.util.Map<java.lang.String, java.lang.Object>> org.springframework.boot.autoconfigure.web.servlet.error.BasicErrorController.error(javax.servlet.http.HttpServletRequest)
===2018-08-30 23:14:58.393 INFO  org.springframework.web.servlet.mvc.method.annotation.RequestMappingHandlerMapping Line:547 - Mapped "{[/error],produces=[text/html]}" onto public org.springframework.web.servlet.ModelAndView org.springframework.boot.autoconfigure.web.servlet.error.BasicErrorController.errorHtml(javax.servlet.http.HttpServletRequest,javax.servlet.http.HttpServletResponse)
===2018-08-30 23:14:58.397 INFO  org.springframework.web.servlet.handler.SimpleUrlHandlerMapping Line:373 - Mapped URL path [/webjars/**] onto handler of type [class org.springframework.web.servlet.resource.ResourceHttpRequestHandler]
===2018-08-30 23:14:58.398 INFO  org.springframework.web.servlet.handler.SimpleUrlHandlerMapping Line:373 - Mapped URL path [/**] onto handler of type [class org.springframework.web.servlet.resource.ResourceHttpRequestHandler]
===2018-08-30 23:14:58.408 INFO  org.springframework.boot.autoconfigure.web.servlet.WelcomePageHandlerMapping Line:61  - Adding welcome page template: index
===2018-08-30 23:14:58.420 INFO  org.springframework.web.servlet.view.freemarker.FreeMarkerConfigurer Line:131 - ClassTemplateLoader for Spring macros added to FreeMarker configuration
===2018-08-30 23:14:58.435 INFO  org.springframework.boot.devtools.autoconfigure.OptionalLiveReloadServer Line:57  - LiveReload server is running on port 35729
===2018-08-30 23:14:58.448 INFO  org.springframework.jmx.export.annotation.AnnotationMBeanExporter Line:433 - Registering beans for JMX exposure on startup
===2018-08-30 23:14:58.449 INFO  org.springframework.jmx.export.annotation.AnnotationMBeanExporter Line:895 - Bean with name 'statFilter' has been autodetected for JMX exposure
===2018-08-30 23:14:58.449 INFO  org.springframework.jmx.export.annotation.AnnotationMBeanExporter Line:895 - Bean with name 'dataSource' has been autodetected for JMX exposure
===2018-08-30 23:14:58.451 INFO  org.springframework.jmx.export.annotation.AnnotationMBeanExporter Line:668 - Located MBean 'dataSource': registering with JMX server as MBean [com.alibaba.druid.spring.boot.autoconfigure:name=dataSource,type=DruidDataSourceWrapper]
===2018-08-30 23:14:58.452 INFO  org.springframework.jmx.export.annotation.AnnotationMBeanExporter Line:668 - Located MBean 'statFilter': registering with JMX server as MBean [com.alibaba.druid.filter.stat:name=statFilter,type=StatFilter]
===2018-08-30 23:14:58.457 INFO  org.springframework.boot.web.embedded.tomcat.TomcatWebServer Line:206 - Tomcat started on port(s): 8080 (http) with context path ''
===2018-08-30 23:14:58.458 INFO  com.rumo.RumoSpringbootBlogappApplication Line:59  - Started RumoSpringbootBlogappApplication in 0.484 seconds (JVM running for 329.687)
===2018-08-30 23:14:58.459 INFO  org.springframework.boot.devtools.autoconfigure.ConditionEvaluationDeltaLoggingListener Line:56  - Condition evaluation unchanged
===2018-08-30 23:15:03.883 INFO  org.springframework.boot.web.servlet.context.AnnotationConfigServletWebServerApplicationContext Line:993 - Closing org.springframework.boot.web.servlet.context.AnnotationConfigServletWebServerApplicationContext@3a78cec1: startup date [Thu Aug 30 23:14:57 CST 2018]; root of context hierarchy
===2018-08-30 23:15:03.884 INFO  org.springframework.jmx.export.annotation.AnnotationMBeanExporter Line:451 - Unregistering JMX-exposed beans on shutdown
===2018-08-30 23:15:03.884 INFO  org.springframework.jmx.export.annotation.AnnotationMBeanExporter Line:185 - Unregistering JMX-exposed beans
===2018-08-30 23:15:03.884 INFO  com.alibaba.druid.pool.DruidDataSource Line:1825 - {dataSource-18} closed
===2018-08-30 23:15:04.237 INFO  com.rumo.RumoSpringbootBlogappApplication Line:50  - Starting RumoSpringbootBlogappApplication on 5W16038EWPHNENY with PID 12852 (started by Administrator in F:\濡沫VIP课程\maven\rumo-springboot-blogapp)
===2018-08-30 23:15:04.237 INFO  com.rumo.RumoSpringbootBlogappApplication Line:666 - The following profiles are active: prod
===2018-08-30 23:15:04.240 INFO  org.springframework.boot.web.servlet.context.AnnotationConfigServletWebServerApplicationContext Line:590 - Refreshing org.springframework.boot.web.servlet.context.AnnotationConfigServletWebServerApplicationContext@2ab02ba6: startup date [Thu Aug 30 23:15:04 CST 2018]; root of context hierarchy
===2018-08-30 23:15:04.707 INFO  org.springframework.boot.web.embedded.tomcat.TomcatWebServer Line:91  - Tomcat initialized with port(s): 8080 (http)
===2018-08-30 23:15:04.730 INFO  org.springframework.web.context.ContextLoader Line:285 - Root WebApplicationContext: initialization completed in 490 ms
===2018-08-30 23:15:04.740 INFO  org.springframework.boot.web.servlet.ServletRegistrationBean Line:187 - Servlet dispatcherServlet mapped to [/]
===2018-08-30 23:15:04.741 INFO  org.springframework.boot.web.servlet.ServletRegistrationBean Line:187 - Servlet statViewServlet mapped to [/druid/*]
===2018-08-30 23:15:04.741 INFO  org.springframework.boot.web.servlet.FilterRegistrationBean Line:245 - Mapping filter: 'characterEncodingFilter' to: [/*]
===2018-08-30 23:15:04.741 INFO  org.springframework.boot.web.servlet.FilterRegistrationBean Line:245 - Mapping filter: 'hiddenHttpMethodFilter' to: [/*]
===2018-08-30 23:15:04.741 INFO  org.springframework.boot.web.servlet.FilterRegistrationBean Line:245 - Mapping filter: 'httpPutFormContentFilter' to: [/*]
===2018-08-30 23:15:04.741 INFO  org.springframework.boot.web.servlet.FilterRegistrationBean Line:245 - Mapping filter: 'requestContextFilter' to: [/*]
===2018-08-30 23:15:04.741 INFO  org.springframework.boot.web.servlet.FilterRegistrationBean Line:258 - Mapping filter: 'webStatFilter' to urls: [/*]
===2018-08-30 23:15:04.762 INFO  com.alibaba.druid.spring.boot.autoconfigure.DruidDataSourceAutoConfigure Line:56  - Init DruidDataSource
===2018-08-30 23:15:04.785 INFO  com.alibaba.druid.pool.DruidDataSource Line:930 - {dataSource-19} inited
===2018-08-30 23:15:04.856 INFO  org.springframework.web.servlet.handler.SimpleUrlHandlerMapping Line:373 - Mapped URL path [/**/favicon.ico] onto handler of type [class org.springframework.web.servlet.resource.ResourceHttpRequestHandler]
===2018-08-30 23:15:04.895 INFO  org.springframework.web.servlet.mvc.method.annotation.RequestMappingHandlerAdapter Line:574 - Looking for @ControllerAdvice: org.springframework.boot.web.servlet.context.AnnotationConfigServletWebServerApplicationContext@2ab02ba6: startup date [Thu Aug 30 23:15:04 CST 2018]; root of context hierarchy
===2018-08-30 23:15:04.904 INFO  org.springframework.web.servlet.mvc.method.annotation.RequestMappingHandlerMapping Line:547 - Mapped "{[/index]}" onto public java.lang.String com.rumo.controller.IndexController.index()
===2018-08-30 23:15:04.905 INFO  org.springframework.web.servlet.mvc.method.annotation.RequestMappingHandlerMapping Line:547 - Mapped "{[/blogs/{pageNo}/{pageSize}],methods=[GET]}" onto public com.rumo.vo.ServerResponse2 com.rumo.controller.IndexController.findBlogs(java.lang.Integer,java.lang.Integer,java.lang.String,java.lang.String)
===2018-08-30 23:15:04.907 INFO  org.springframework.web.servlet.mvc.method.annotation.RequestMappingHandlerMapping Line:547 - Mapped "{[/error]}" onto public org.springframework.http.ResponseEntity<java.util.Map<java.lang.String, java.lang.Object>> org.springframework.boot.autoconfigure.web.servlet.error.BasicErrorController.error(javax.servlet.http.HttpServletRequest)
===2018-08-30 23:15:04.909 INFO  org.springframework.web.servlet.mvc.method.annotation.RequestMappingHandlerMapping Line:547 - Mapped "{[/error],produces=[text/html]}" onto public org.springframework.web.servlet.ModelAndView org.springframework.boot.autoconfigure.web.servlet.error.BasicErrorController.errorHtml(javax.servlet.http.HttpServletRequest,javax.servlet.http.HttpServletResponse)
===2018-08-30 23:15:04.920 INFO  org.springframework.web.servlet.handler.SimpleUrlHandlerMapping Line:373 - Mapped URL path [/webjars/**] onto handler of type [class org.springframework.web.servlet.resource.ResourceHttpRequestHandler]
===2018-08-30 23:15:04.921 INFO  org.springframework.web.servlet.handler.SimpleUrlHandlerMapping Line:373 - Mapped URL path [/**] onto handler of type [class org.springframework.web.servlet.resource.ResourceHttpRequestHandler]
===2018-08-30 23:15:04.939 INFO  org.springframework.boot.autoconfigure.web.servlet.WelcomePageHandlerMapping Line:61  - Adding welcome page template: index
===2018-08-30 23:15:04.957 INFO  org.springframework.web.servlet.view.freemarker.FreeMarkerConfigurer Line:131 - ClassTemplateLoader for Spring macros added to FreeMarker configuration
===2018-08-30 23:15:04.987 INFO  org.springframework.boot.devtools.autoconfigure.OptionalLiveReloadServer Line:57  - LiveReload server is running on port 35729
===2018-08-30 23:15:05.002 INFO  org.springframework.jmx.export.annotation.AnnotationMBeanExporter Line:433 - Registering beans for JMX exposure on startup
===2018-08-30 23:15:05.002 INFO  org.springframework.jmx.export.annotation.AnnotationMBeanExporter Line:895 - Bean with name 'statFilter' has been autodetected for JMX exposure
===2018-08-30 23:15:05.003 INFO  org.springframework.jmx.export.annotation.AnnotationMBeanExporter Line:895 - Bean with name 'dataSource' has been autodetected for JMX exposure
===2018-08-30 23:15:05.005 INFO  org.springframework.jmx.export.annotation.AnnotationMBeanExporter Line:668 - Located MBean 'dataSource': registering with JMX server as MBean [com.alibaba.druid.spring.boot.autoconfigure:name=dataSource,type=DruidDataSourceWrapper]
===2018-08-30 23:15:05.005 INFO  org.springframework.jmx.export.annotation.AnnotationMBeanExporter Line:668 - Located MBean 'statFilter': registering with JMX server as MBean [com.alibaba.druid.filter.stat:name=statFilter,type=StatFilter]
===2018-08-30 23:15:05.013 INFO  org.springframework.boot.web.embedded.tomcat.TomcatWebServer Line:206 - Tomcat started on port(s): 8080 (http) with context path ''
===2018-08-30 23:15:05.013 INFO  com.rumo.RumoSpringbootBlogappApplication Line:59  - Started RumoSpringbootBlogappApplication in 0.807 seconds (JVM running for 336.243)
===2018-08-30 23:15:05.014 INFO  org.springframework.boot.devtools.autoconfigure.ConditionEvaluationDeltaLoggingListener Line:56  - Condition evaluation unchanged
===2018-08-30 23:15:05.556 INFO  com.rumo.RumoSpringbootBlogappApplicationTests Line:50  - Starting RumoSpringbootBlogappApplicationTests on 5W16038EWPHNENY with PID 17320 (started by Administrator in F:\濡沫VIP课程\maven\rumo-springboot-blogapp)
===2018-08-30 23:15:05.557 INFO  com.rumo.RumoSpringbootBlogappApplicationTests Line:666 - The following profiles are active: prod
===2018-08-30 23:15:05.602 INFO  org.springframework.web.context.support.GenericWebApplicationContext Line:590 - Refreshing org.springframework.web.context.support.GenericWebApplicationContext@463fd068: startup date [Thu Aug 30 23:15:05 CST 2018]; root of context hierarchy
===2018-08-30 23:15:06.953 INFO  com.alibaba.druid.spring.boot.autoconfigure.DruidDataSourceAutoConfigure Line:56  - Init DruidDataSource
===2018-08-30 23:15:07.172 INFO  com.alibaba.druid.pool.DruidDataSource Line:930 - {dataSource-1} inited
===2018-08-30 23:15:07.852 INFO  org.springframework.web.servlet.handler.SimpleUrlHandlerMapping Line:373 - Mapped URL path [/**/favicon.ico] onto handler of type [class org.springframework.web.servlet.resource.ResourceHttpRequestHandler]
===2018-08-30 23:15:08.047 INFO  org.springframework.web.servlet.mvc.method.annotation.RequestMappingHandlerAdapter Line:574 - Looking for @ControllerAdvice: org.springframework.web.context.support.GenericWebApplicationContext@463fd068: startup date [Thu Aug 30 23:15:05 CST 2018]; root of context hierarchy
===2018-08-30 23:15:08.155 INFO  org.springframework.web.servlet.mvc.method.annotation.RequestMappingHandlerMapping Line:547 - Mapped "{[/index]}" onto public java.lang.String com.rumo.controller.IndexController.index()
===2018-08-30 23:15:08.157 INFO  org.springframework.web.servlet.mvc.method.annotation.RequestMappingHandlerMapping Line:547 - Mapped "{[/blogs/{pageNo}/{pageSize}],methods=[GET]}" onto public com.rumo.vo.ServerResponse2 com.rumo.controller.IndexController.findBlogs(java.lang.Integer,java.lang.Integer,java.lang.String,java.lang.String)
===2018-08-30 23:15:08.160 INFO  org.springframework.web.servlet.mvc.method.annotation.RequestMappingHandlerMapping Line:547 - Mapped "{[/error]}" onto public org.springframework.http.ResponseEntity<java.util.Map<java.lang.String, java.lang.Object>> org.springframework.boot.autoconfigure.web.servlet.error.BasicErrorController.error(javax.servlet.http.HttpServletRequest)
===2018-08-30 23:15:08.163 INFO  org.springframework.web.servlet.mvc.method.annotation.RequestMappingHandlerMapping Line:547 - Mapped "{[/error],produces=[text/html]}" onto public org.springframework.web.servlet.ModelAndView org.springframework.boot.autoconfigure.web.servlet.error.BasicErrorController.errorHtml(javax.servlet.http.HttpServletRequest,javax.servlet.http.HttpServletResponse)
===2018-08-30 23:15:08.213 INFO  org.springframework.web.servlet.handler.SimpleUrlHandlerMapping Line:373 - Mapped URL path [/webjars/**] onto handler of type [class org.springframework.web.servlet.resource.ResourceHttpRequestHandler]
===2018-08-30 23:15:08.213 INFO  org.springframework.web.servlet.handler.SimpleUrlHandlerMapping Line:373 - Mapped URL path [/**] onto handler of type [class org.springframework.web.servlet.resource.ResourceHttpRequestHandler]
===2018-08-30 23:15:08.325 INFO  org.springframework.boot.autoconfigure.web.servlet.WelcomePageHandlerMapping Line:61  - Adding welcome page template: index
===2018-08-30 23:15:08.595 INFO  org.springframework.web.servlet.view.freemarker.FreeMarkerConfigurer Line:131 - ClassTemplateLoader for Spring macros added to FreeMarker configuration
===2018-08-30 23:15:09.054 INFO  com.rumo.RumoSpringbootBlogappApplicationTests Line:59  - Started RumoSpringbootBlogappApplicationTests in 3.931 seconds (JVM running for 5.043)
===2018-08-30 23:15:10.010 INFO  org.springframework.web.context.support.GenericWebApplicationContext Line:993 - Closing org.springframework.web.context.support.GenericWebApplicationContext@463fd068: startup date [Thu Aug 30 23:15:05 CST 2018]; root of context hierarchy
===2018-08-30 23:15:10.018 INFO  com.alibaba.druid.pool.DruidDataSource Line:1825 - {dataSource-1} closed
===2018-08-30 23:15:11.438 INFO  org.springframework.boot.web.servlet.context.AnnotationConfigServletWebServerApplicationContext Line:993 - Closing org.springframework.boot.web.servlet.context.AnnotationConfigServletWebServerApplicationContext@2ab02ba6: startup date [Thu Aug 30 23:15:04 CST 2018]; root of context hierarchy
===2018-08-30 23:15:11.440 INFO  org.springframework.jmx.export.annotation.AnnotationMBeanExporter Line:451 - Unregistering JMX-exposed beans on shutdown
===2018-08-30 23:15:11.440 INFO  org.springframework.jmx.export.annotation.AnnotationMBeanExporter Line:185 - Unregistering JMX-exposed beans
===2018-08-30 23:15:11.441 INFO  com.alibaba.druid.pool.DruidDataSource Line:1825 - {dataSource-19} closed
===2018-08-30 23:15:11.831 INFO  com.rumo.RumoSpringbootBlogappApplication Line:50  - Starting RumoSpringbootBlogappApplication on 5W16038EWPHNENY with PID 12852 (started by Administrator in F:\濡沫VIP课程\maven\rumo-springboot-blogapp)
===2018-08-30 23:15:11.832 INFO  com.rumo.RumoSpringbootBlogappApplication Line:666 - The following profiles are active: prod
===2018-08-30 23:15:11.834 INFO  org.springframework.boot.web.servlet.context.AnnotationConfigServletWebServerApplicationContext Line:590 - Refreshing org.springframework.boot.web.servlet.context.AnnotationConfigServletWebServerApplicationContext@38ae4f24: startup date [Thu Aug 30 23:15:11 CST 2018]; root of context hierarchy
===2018-08-30 23:15:12.119 INFO  org.springframework.boot.web.embedded.tomcat.TomcatWebServer Line:91  - Tomcat initialized with port(s): 8080 (http)
===2018-08-30 23:15:12.133 INFO  org.springframework.web.context.ContextLoader Line:285 - Root WebApplicationContext: initialization completed in 299 ms
===2018-08-30 23:15:12.142 INFO  org.springframework.boot.web.servlet.ServletRegistrationBean Line:187 - Servlet dispatcherServlet mapped to [/]
===2018-08-30 23:15:12.143 INFO  org.springframework.boot.web.servlet.ServletRegistrationBean Line:187 - Servlet statViewServlet mapped to [/druid/*]
===2018-08-30 23:15:12.143 INFO  org.springframework.boot.web.servlet.FilterRegistrationBean Line:245 - Mapping filter: 'characterEncodingFilter' to: [/*]
===2018-08-30 23:15:12.143 INFO  org.springframework.boot.web.servlet.FilterRegistrationBean Line:245 - Mapping filter: 'hiddenHttpMethodFilter' to: [/*]
===2018-08-30 23:15:12.143 INFO  org.springframework.boot.web.servlet.FilterRegistrationBean Line:245 - Mapping filter: 'httpPutFormContentFilter' to: [/*]
===2018-08-30 23:15:12.143 INFO  org.springframework.boot.web.servlet.FilterRegistrationBean Line:245 - Mapping filter: 'requestContextFilter' to: [/*]
===2018-08-30 23:15:12.143 INFO  org.springframework.boot.web.servlet.FilterRegistrationBean Line:258 - Mapping filter: 'webStatFilter' to urls: [/*]
===2018-08-30 23:15:12.160 INFO  com.alibaba.druid.spring.boot.autoconfigure.DruidDataSourceAutoConfigure Line:56  - Init DruidDataSource
===2018-08-30 23:15:12.173 INFO  com.alibaba.druid.pool.DruidDataSource Line:930 - {dataSource-20} inited
===2018-08-30 23:15:12.218 INFO  org.springframework.web.servlet.handler.SimpleUrlHandlerMapping Line:373 - Mapped URL path [/**/favicon.ico] onto handler of type [class org.springframework.web.servlet.resource.ResourceHttpRequestHandler]
===2018-08-30 23:15:12.232 INFO  org.springframework.web.servlet.mvc.method.annotation.RequestMappingHandlerAdapter Line:574 - Looking for @ControllerAdvice: org.springframework.boot.web.servlet.context.AnnotationConfigServletWebServerApplicationContext@38ae4f24: startup date [Thu Aug 30 23:15:11 CST 2018]; root of context hierarchy
===2018-08-30 23:15:12.235 INFO  org.springframework.web.servlet.mvc.method.annotation.RequestMappingHandlerMapping Line:547 - Mapped "{[/index]}" onto public java.lang.String com.rumo.controller.IndexController.index()
===2018-08-30 23:15:12.235 INFO  org.springframework.web.servlet.mvc.method.annotation.RequestMappingHandlerMapping Line:547 - Mapped "{[/blogs/{pageNo}/{pageSize}],methods=[GET]}" onto public com.rumo.vo.ServerResponse2 com.rumo.controller.IndexController.findBlogs(java.lang.Integer,java.lang.Integer,java.lang.String,java.lang.String)
===2018-08-30 23:15:12.236 INFO  org.springframework.web.servlet.mvc.method.annotation.RequestMappingHandlerMapping Line:547 - Mapped "{[/error]}" onto public org.springframework.http.ResponseEntity<java.util.Map<java.lang.String, java.lang.Object>> org.springframework.boot.autoconfigure.web.servlet.error.BasicErrorController.error(javax.servlet.http.HttpServletRequest)
===2018-08-30 23:15:12.236 INFO  org.springframework.web.servlet.mvc.method.annotation.RequestMappingHandlerMapping Line:547 - Mapped "{[/error],produces=[text/html]}" onto public org.springframework.web.servlet.ModelAndView org.springframework.boot.autoconfigure.web.servlet.error.BasicErrorController.errorHtml(javax.servlet.http.HttpServletRequest,javax.servlet.http.HttpServletResponse)
===2018-08-30 23:15:12.240 INFO  org.springframework.web.servlet.handler.SimpleUrlHandlerMapping Line:373 - Mapped URL path [/webjars/**] onto handler of type [class org.springframework.web.servlet.resource.ResourceHttpRequestHandler]
===2018-08-30 23:15:12.241 INFO  org.springframework.web.servlet.handler.SimpleUrlHandlerMapping Line:373 - Mapped URL path [/**] onto handler of type [class org.springframework.web.servlet.resource.ResourceHttpRequestHandler]
===2018-08-30 23:15:12.253 INFO  org.springframework.boot.autoconfigure.web.servlet.WelcomePageHandlerMapping Line:61  - Adding welcome page template: index
===2018-08-30 23:15:12.266 INFO  org.springframework.web.servlet.view.freemarker.FreeMarkerConfigurer Line:131 - ClassTemplateLoader for Spring macros added to FreeMarker configuration
===2018-08-30 23:15:12.284 INFO  org.springframework.boot.devtools.autoconfigure.OptionalLiveReloadServer Line:57  - LiveReload server is running on port 35729
===2018-08-30 23:15:12.291 INFO  org.springframework.jmx.export.annotation.AnnotationMBeanExporter Line:433 - Registering beans for JMX exposure on startup
===2018-08-30 23:15:12.291 INFO  org.springframework.jmx.export.annotation.AnnotationMBeanExporter Line:895 - Bean with name 'statFilter' has been autodetected for JMX exposure
===2018-08-30 23:15:12.292 INFO  org.springframework.jmx.export.annotation.AnnotationMBeanExporter Line:895 - Bean with name 'dataSource' has been autodetected for JMX exposure
===2018-08-30 23:15:12.293 INFO  org.springframework.jmx.export.annotation.AnnotationMBeanExporter Line:668 - Located MBean 'dataSource': registering with JMX server as MBean [com.alibaba.druid.spring.boot.autoconfigure:name=dataSource,type=DruidDataSourceWrapper]
===2018-08-30 23:15:12.293 INFO  org.springframework.jmx.export.annotation.AnnotationMBeanExporter Line:668 - Located MBean 'statFilter': registering with JMX server as MBean [com.alibaba.druid.filter.stat:name=statFilter,type=StatFilter]
===2018-08-30 23:15:12.300 INFO  org.springframework.boot.web.embedded.tomcat.TomcatWebServer Line:206 - Tomcat started on port(s): 8080 (http) with context path ''
===2018-08-30 23:15:12.300 INFO  com.rumo.RumoSpringbootBlogappApplication Line:59  - Started RumoSpringbootBlogappApplication in 0.495 seconds (JVM running for 343.53)
===2018-08-30 23:15:12.302 INFO  org.springframework.boot.devtools.autoconfigure.ConditionEvaluationDeltaLoggingListener Line:56  - Condition evaluation unchanged
===2018-08-30 23:21:51.133 INFO  com.rumo.RumoSpringbootBlogappApplication Line:50  - Starting RumoSpringbootBlogappApplication on 5W16038EWPHNENY with PID 11800 (started by Administrator in F:\濡沫VIP课程\maven\rumo-springboot-blogapp)
===2018-08-30 23:21:51.134 INFO  com.rumo.RumoSpringbootBlogappApplication Line:666 - The following profiles are active: prod
===2018-08-30 23:21:51.201 INFO  org.springframework.boot.web.servlet.context.AnnotationConfigServletWebServerApplicationContext Line:590 - Refreshing org.springframework.boot.web.servlet.context.AnnotationConfigServletWebServerApplicationContext@55f86f51: startup date [Thu Aug 30 23:21:51 CST 2018]; root of context hierarchy
===2018-08-30 23:21:53.317 INFO  org.springframework.boot.web.embedded.tomcat.TomcatWebServer Line:91  - Tomcat initialized with port(s): 8080 (http)
===2018-08-30 23:21:53.521 INFO  org.springframework.web.context.ContextLoader Line:285 - Root WebApplicationContext: initialization completed in 2320 ms
===2018-08-30 23:21:53.619 INFO  org.springframework.boot.web.servlet.ServletRegistrationBean Line:187 - Servlet dispatcherServlet mapped to [/]
===2018-08-30 23:21:53.620 INFO  org.springframework.boot.web.servlet.ServletRegistrationBean Line:187 - Servlet statViewServlet mapped to [/druid/*]
===2018-08-30 23:21:53.622 INFO  org.springframework.boot.web.servlet.FilterRegistrationBean Line:245 - Mapping filter: 'characterEncodingFilter' to: [/*]
===2018-08-30 23:21:53.623 INFO  org.springframework.boot.web.servlet.FilterRegistrationBean Line:245 - Mapping filter: 'hiddenHttpMethodFilter' to: [/*]
===2018-08-30 23:21:53.623 INFO  org.springframework.boot.web.servlet.FilterRegistrationBean Line:245 - Mapping filter: 'httpPutFormContentFilter' to: [/*]
===2018-08-30 23:21:53.623 INFO  org.springframework.boot.web.servlet.FilterRegistrationBean Line:245 - Mapping filter: 'requestContextFilter' to: [/*]
===2018-08-30 23:21:53.623 INFO  org.springframework.boot.web.servlet.FilterRegistrationBean Line:258 - Mapping filter: 'webStatFilter' to urls: [/*]
===2018-08-30 23:21:53.762 INFO  com.alibaba.druid.spring.boot.autoconfigure.DruidDataSourceAutoConfigure Line:56  - Init DruidDataSource
===2018-08-30 23:21:53.927 INFO  com.alibaba.druid.pool.DruidDataSource Line:930 - {dataSource-1} inited
===2018-08-30 23:21:54.270 INFO  org.springframework.web.servlet.handler.SimpleUrlHandlerMapping Line:373 - Mapped URL path [/**/favicon.ico] onto handler of type [class org.springframework.web.servlet.resource.ResourceHttpRequestHandler]
===2018-08-30 23:21:54.474 INFO  org.springframework.web.servlet.mvc.method.annotation.RequestMappingHandlerAdapter Line:574 - Looking for @ControllerAdvice: org.springframework.boot.web.servlet.context.AnnotationConfigServletWebServerApplicationContext@55f86f51: startup date [Thu Aug 30 23:21:51 CST 2018]; root of context hierarchy
===2018-08-30 23:21:54.550 INFO  org.springframework.web.servlet.mvc.method.annotation.RequestMappingHandlerMapping Line:547 - Mapped "{[/index]}" onto public java.lang.String com.rumo.controller.IndexController.index()
===2018-08-30 23:21:54.551 INFO  org.springframework.web.servlet.mvc.method.annotation.RequestMappingHandlerMapping Line:547 - Mapped "{[/blogs/{pageNo}/{pageSize}],methods=[GET]}" onto public com.rumo.vo.ServerResponse2 com.rumo.controller.IndexController.findBlogs(java.lang.Integer,java.lang.Integer,java.lang.String,java.lang.String)
===2018-08-30 23:21:54.554 INFO  org.springframework.web.servlet.mvc.method.annotation.RequestMappingHandlerMapping Line:547 - Mapped "{[/error]}" onto public org.springframework.http.ResponseEntity<java.util.Map<java.lang.String, java.lang.Object>> org.springframework.boot.autoconfigure.web.servlet.error.BasicErrorController.error(javax.servlet.http.HttpServletRequest)
===2018-08-30 23:21:54.555 INFO  org.springframework.web.servlet.mvc.method.annotation.RequestMappingHandlerMapping Line:547 - Mapped "{[/error],produces=[text/html]}" onto public org.springframework.web.servlet.ModelAndView org.springframework.boot.autoconfigure.web.servlet.error.BasicErrorController.errorHtml(javax.servlet.http.HttpServletRequest,javax.servlet.http.HttpServletResponse)
===2018-08-30 23:21:54.582 INFO  org.springframework.web.servlet.handler.SimpleUrlHandlerMapping Line:373 - Mapped URL path [/webjars/**] onto handler of type [class org.springframework.web.servlet.resource.ResourceHttpRequestHandler]
===2018-08-30 23:21:54.582 INFO  org.springframework.web.servlet.handler.SimpleUrlHandlerMapping Line:373 - Mapped URL path [/**] onto handler of type [class org.springframework.web.servlet.resource.ResourceHttpRequestHandler]
===2018-08-30 23:21:54.669 INFO  org.springframework.boot.autoconfigure.web.servlet.WelcomePageHandlerMapping Line:61  - Adding welcome page template: index
===2018-08-30 23:21:54.868 INFO  org.springframework.web.servlet.view.freemarker.FreeMarkerConfigurer Line:131 - ClassTemplateLoader for Spring macros added to FreeMarker configuration
===2018-08-30 23:21:55.080 INFO  org.springframework.boot.devtools.autoconfigure.OptionalLiveReloadServer Line:57  - LiveReload server is running on port 35729
===2018-08-30 23:21:55.132 INFO  org.springframework.jmx.export.annotation.AnnotationMBeanExporter Line:433 - Registering beans for JMX exposure on startup
===2018-08-30 23:21:55.133 INFO  org.springframework.jmx.export.annotation.AnnotationMBeanExporter Line:895 - Bean with name 'statFilter' has been autodetected for JMX exposure
===2018-08-30 23:21:55.133 INFO  org.springframework.jmx.export.annotation.AnnotationMBeanExporter Line:895 - Bean with name 'dataSource' has been autodetected for JMX exposure
===2018-08-30 23:21:55.140 INFO  org.springframework.jmx.export.annotation.AnnotationMBeanExporter Line:668 - Located MBean 'dataSource': registering with JMX server as MBean [com.alibaba.druid.spring.boot.autoconfigure:name=dataSource,type=DruidDataSourceWrapper]
===2018-08-30 23:21:55.141 INFO  org.springframework.jmx.export.annotation.AnnotationMBeanExporter Line:668 - Located MBean 'statFilter': registering with JMX server as MBean [com.alibaba.druid.filter.stat:name=statFilter,type=StatFilter]
===2018-08-30 23:21:55.191 INFO  org.springframework.boot.web.embedded.tomcat.TomcatWebServer Line:206 - Tomcat started on port(s): 8080 (http) with context path ''
===2018-08-30 23:21:55.196 INFO  com.rumo.RumoSpringbootBlogappApplication Line:59  - Started RumoSpringbootBlogappApplication in 4.473 seconds (JVM running for 4.933)
===2018-08-30 23:21:58.615 INFO  org.springframework.web.servlet.DispatcherServlet Line:494 - FrameworkServlet 'dispatcherServlet': initialization started
===2018-08-30 23:21:58.636 INFO  org.springframework.web.servlet.DispatcherServlet Line:509 - FrameworkServlet 'dispatcherServlet': initialization completed in 20 ms
===2018-08-30 23:22:20.640 INFO  org.springframework.boot.web.servlet.context.AnnotationConfigServletWebServerApplicationContext Line:993 - Closing org.springframework.boot.web.servlet.context.AnnotationConfigServletWebServerApplicationContext@55f86f51: startup date [Thu Aug 30 23:21:51 CST 2018]; root of context hierarchy
===2018-08-30 23:22:20.644 INFO  org.springframework.jmx.export.annotation.AnnotationMBeanExporter Line:451 - Unregistering JMX-exposed beans on shutdown
===2018-08-30 23:22:20.645 INFO  org.springframework.jmx.export.annotation.AnnotationMBeanExporter Line:185 - Unregistering JMX-exposed beans
===2018-08-30 23:22:20.648 INFO  com.alibaba.druid.pool.DruidDataSource Line:1825 - {dataSource-1} closed
===2018-08-30 23:22:21.034 INFO  com.rumo.RumoSpringbootBlogappApplication Line:50  - Starting RumoSpringbootBlogappApplication on 5W16038EWPHNENY with PID 11800 (started by Administrator in F:\濡沫VIP课程\maven\rumo-springboot-blogapp)
===2018-08-30 23:22:21.035 INFO  com.rumo.RumoSpringbootBlogappApplication Line:666 - The following profiles are active: prod
===2018-08-30 23:22:21.038 INFO  org.springframework.boot.web.servlet.context.AnnotationConfigServletWebServerApplicationContext Line:590 - Refreshing org.springframework.boot.web.servlet.context.AnnotationConfigServletWebServerApplicationContext@159d478d: startup date [Thu Aug 30 23:22:21 CST 2018]; root of context hierarchy
===2018-08-30 23:22:21.537 INFO  org.springframework.boot.web.embedded.tomcat.TomcatWebServer Line:91  - Tomcat initialized with port(s): 8080 (http)
===2018-08-30 23:22:21.565 INFO  org.springframework.web.context.ContextLoader Line:285 - Root WebApplicationContext: initialization completed in 527 ms
===2018-08-30 23:22:21.584 INFO  org.springframework.boot.web.servlet.ServletRegistrationBean Line:187 - Servlet dispatcherServlet mapped to [/]
===2018-08-30 23:22:21.585 INFO  org.springframework.boot.web.servlet.ServletRegistrationBean Line:187 - Servlet statViewServlet mapped to [/druid/*]
===2018-08-30 23:22:21.585 INFO  org.springframework.boot.web.servlet.FilterRegistrationBean Line:245 - Mapping filter: 'characterEncodingFilter' to: [/*]
===2018-08-30 23:22:21.585 INFO  org.springframework.boot.web.servlet.FilterRegistrationBean Line:245 - Mapping filter: 'hiddenHttpMethodFilter' to: [/*]
===2018-08-30 23:22:21.585 INFO  org.springframework.boot.web.servlet.FilterRegistrationBean Line:245 - Mapping filter: 'httpPutFormContentFilter' to: [/*]
===2018-08-30 23:22:21.585 INFO  org.springframework.boot.web.servlet.FilterRegistrationBean Line:245 - Mapping filter: 'requestContextFilter' to: [/*]
===2018-08-30 23:22:21.586 INFO  org.springframework.boot.web.servlet.FilterRegistrationBean Line:258 - Mapping filter: 'webStatFilter' to urls: [/*]
===2018-08-30 23:22:21.631 INFO  com.alibaba.druid.spring.boot.autoconfigure.DruidDataSourceAutoConfigure Line:56  - Init DruidDataSource
===2018-08-30 23:22:21.653 INFO  com.alibaba.druid.pool.DruidDataSource Line:930 - {dataSource-2} inited
===2018-08-30 23:22:21.765 INFO  org.springframework.web.servlet.handler.SimpleUrlHandlerMapping Line:373 - Mapped URL path [/**/favicon.ico] onto handler of type [class org.springframework.web.servlet.resource.ResourceHttpRequestHandler]
===2018-08-30 23:22:21.820 INFO  org.springframework.web.servlet.mvc.method.annotation.RequestMappingHandlerAdapter Line:574 - Looking for @ControllerAdvice: org.springframework.boot.web.servlet.context.AnnotationConfigServletWebServerApplicationContext@159d478d: startup date [Thu Aug 30 23:22:21 CST 2018]; root of context hierarchy
===2018-08-30 23:22:21.828 INFO  org.springframework.web.servlet.mvc.method.annotation.RequestMappingHandlerMapping Line:547 - Mapped "{[/index]}" onto public java.lang.String com.rumo.controller.IndexController.index()
===2018-08-30 23:22:21.829 INFO  org.springframework.web.servlet.mvc.method.annotation.RequestMappingHandlerMapping Line:547 - Mapped "{[/blogs/{pageNo}/{pageSize}],methods=[GET]}" onto public com.rumo.vo.ServerResponse2 com.rumo.controller.IndexController.findBlogs(java.lang.Integer,java.lang.Integer,java.lang.String,java.lang.String)
===2018-08-30 23:22:21.831 INFO  org.springframework.web.servlet.mvc.method.annotation.RequestMappingHandlerMapping Line:547 - Mapped "{[/error]}" onto public org.springframework.http.ResponseEntity<java.util.Map<java.lang.String, java.lang.Object>> org.springframework.boot.autoconfigure.web.servlet.error.BasicErrorController.error(javax.servlet.http.HttpServletRequest)
===2018-08-30 23:22:21.832 INFO  org.springframework.web.servlet.mvc.method.annotation.RequestMappingHandlerMapping Line:547 - Mapped "{[/error],produces=[text/html]}" onto public org.springframework.web.servlet.ModelAndView org.springframework.boot.autoconfigure.web.servlet.error.BasicErrorController.errorHtml(javax.servlet.http.HttpServletRequest,javax.servlet.http.HttpServletResponse)
===2018-08-30 23:22:21.839 INFO  org.springframework.web.servlet.handler.SimpleUrlHandlerMapping Line:373 - Mapped URL path [/webjars/**] onto handler of type [class org.springframework.web.servlet.resource.ResourceHttpRequestHandler]
===2018-08-30 23:22:21.840 INFO  org.springframework.web.servlet.handler.SimpleUrlHandlerMapping Line:373 - Mapped URL path [/**] onto handler of type [class org.springframework.web.servlet.resource.ResourceHttpRequestHandler]
===2018-08-30 23:22:21.861 INFO  org.springframework.boot.autoconfigure.web.servlet.WelcomePageHandlerMapping Line:61  - Adding welcome page template: index
===2018-08-30 23:22:21.898 INFO  org.springframework.web.servlet.view.freemarker.FreeMarkerConfigurer Line:131 - ClassTemplateLoader for Spring macros added to FreeMarker configuration
===2018-08-30 23:22:21.940 INFO  org.springframework.boot.devtools.autoconfigure.OptionalLiveReloadServer Line:57  - LiveReload server is running on port 35729
===2018-08-30 23:22:21.958 INFO  org.springframework.jmx.export.annotation.AnnotationMBeanExporter Line:433 - Registering beans for JMX exposure on startup
===2018-08-30 23:22:21.960 INFO  org.springframework.jmx.export.annotation.AnnotationMBeanExporter Line:895 - Bean with name 'statFilter' has been autodetected for JMX exposure
===2018-08-30 23:22:21.960 INFO  org.springframework.jmx.export.annotation.AnnotationMBeanExporter Line:895 - Bean with name 'dataSource' has been autodetected for JMX exposure
===2018-08-30 23:22:21.963 INFO  org.springframework.jmx.export.annotation.AnnotationMBeanExporter Line:668 - Located MBean 'dataSource': registering with JMX server as MBean [com.alibaba.druid.spring.boot.autoconfigure:name=dataSource,type=DruidDataSourceWrapper]
===2018-08-30 23:22:21.964 INFO  org.springframework.jmx.export.annotation.AnnotationMBeanExporter Line:668 - Located MBean 'statFilter': registering with JMX server as MBean [com.alibaba.druid.filter.stat:name=statFilter,type=StatFilter]
===2018-08-30 23:22:21.974 INFO  org.springframework.boot.web.embedded.tomcat.TomcatWebServer Line:206 - Tomcat started on port(s): 8080 (http) with context path ''
===2018-08-30 23:22:21.976 INFO  com.rumo.RumoSpringbootBlogappApplication Line:59  - Started RumoSpringbootBlogappApplication in 0.992 seconds (JVM running for 31.714)
===2018-08-30 23:22:21.982 INFO  org.springframework.boot.devtools.autoconfigure.ConditionEvaluationDeltaLoggingListener Line:56  - Condition evaluation unchanged
===2018-08-30 23:22:24.361 INFO  org.springframework.boot.web.servlet.context.AnnotationConfigServletWebServerApplicationContext Line:993 - Closing org.springframework.boot.web.servlet.context.AnnotationConfigServletWebServerApplicationContext@159d478d: startup date [Thu Aug 30 23:22:21 CST 2018]; root of context hierarchy
===2018-08-30 23:22:24.363 INFO  org.springframework.jmx.export.annotation.AnnotationMBeanExporter Line:451 - Unregistering JMX-exposed beans on shutdown
===2018-08-30 23:22:24.364 INFO  org.springframework.jmx.export.annotation.AnnotationMBeanExporter Line:185 - Unregistering JMX-exposed beans
===2018-08-30 23:22:24.365 INFO  com.alibaba.druid.pool.DruidDataSource Line:1825 - {dataSource-2} closed
===2018-08-30 23:22:24.766 INFO  com.rumo.RumoSpringbootBlogappApplication Line:50  - Starting RumoSpringbootBlogappApplication on 5W16038EWPHNENY with PID 11800 (started by Administrator in F:\濡沫VIP课程\maven\rumo-springboot-blogapp)
===2018-08-30 23:22:24.767 INFO  com.rumo.RumoSpringbootBlogappApplication Line:666 - The following profiles are active: prod
===2018-08-30 23:22:24.770 INFO  org.springframework.boot.web.servlet.context.AnnotationConfigServletWebServerApplicationContext Line:590 - Refreshing org.springframework.boot.web.servlet.context.AnnotationConfigServletWebServerApplicationContext@5d8f597f: startup date [Thu Aug 30 23:22:24 CST 2018]; root of context hierarchy
===2018-08-30 23:22:25.203 INFO  org.springframework.boot.web.embedded.tomcat.TomcatWebServer Line:91  - Tomcat initialized with port(s): 8080 (http)
===2018-08-30 23:22:25.219 INFO  org.springframework.web.context.ContextLoader Line:285 - Root WebApplicationContext: initialization completed in 449 ms
===2018-08-30 23:22:25.235 INFO  org.springframework.boot.web.servlet.ServletRegistrationBean Line:187 - Servlet dispatcherServlet mapped to [/]
===2018-08-30 23:22:25.235 INFO  org.springframework.boot.web.servlet.ServletRegistrationBean Line:187 - Servlet statViewServlet mapped to [/druid/*]
===2018-08-30 23:22:25.236 INFO  org.springframework.boot.web.servlet.FilterRegistrationBean Line:245 - Mapping filter: 'characterEncodingFilter' to: [/*]
===2018-08-30 23:22:25.236 INFO  org.springframework.boot.web.servlet.FilterRegistrationBean Line:245 - Mapping filter: 'hiddenHttpMethodFilter' to: [/*]
===2018-08-30 23:22:25.236 INFO  org.springframework.boot.web.servlet.FilterRegistrationBean Line:245 - Mapping filter: 'httpPutFormContentFilter' to: [/*]
===2018-08-30 23:22:25.236 INFO  org.springframework.boot.web.servlet.FilterRegistrationBean Line:245 - Mapping filter: 'requestContextFilter' to: [/*]
===2018-08-30 23:22:25.236 INFO  org.springframework.boot.web.servlet.FilterRegistrationBean Line:258 - Mapping filter: 'webStatFilter' to urls: [/*]
===2018-08-30 23:22:25.267 INFO  com.alibaba.druid.spring.boot.autoconfigure.DruidDataSourceAutoConfigure Line:56  - Init DruidDataSource
===2018-08-30 23:22:25.287 INFO  com.alibaba.druid.pool.DruidDataSource Line:930 - {dataSource-3} inited
===2018-08-30 23:22:25.357 INFO  org.springframework.web.servlet.handler.SimpleUrlHandlerMapping Line:373 - Mapped URL path [/**/favicon.ico] onto handler of type [class org.springframework.web.servlet.resource.ResourceHttpRequestHandler]
===2018-08-30 23:22:25.391 INFO  org.springframework.web.servlet.mvc.method.annotation.RequestMappingHandlerAdapter Line:574 - Looking for @ControllerAdvice: org.springframework.boot.web.servlet.context.AnnotationConfigServletWebServerApplicationContext@5d8f597f: startup date [Thu Aug 30 23:22:24 CST 2018]; root of context hierarchy
===2018-08-30 23:22:25.400 INFO  org.springframework.web.servlet.mvc.method.annotation.RequestMappingHandlerMapping Line:547 - Mapped "{[/index]}" onto public java.lang.String com.rumo.controller.IndexController.index()
===2018-08-30 23:22:25.401 INFO  org.springframework.web.servlet.mvc.method.annotation.RequestMappingHandlerMapping Line:547 - Mapped "{[/blogs/{pageNo}/{pageSize}],methods=[GET]}" onto public com.rumo.vo.ServerResponse2 com.rumo.controller.IndexController.findBlogs(java.lang.Integer,java.lang.Integer,java.lang.String,java.lang.String)
===2018-08-30 23:22:25.403 INFO  org.springframework.web.servlet.mvc.method.annotation.RequestMappingHandlerMapping Line:547 - Mapped "{[/error]}" onto public org.springframework.http.ResponseEntity<java.util.Map<java.lang.String, java.lang.Object>> org.springframework.boot.autoconfigure.web.servlet.error.BasicErrorController.error(javax.servlet.http.HttpServletRequest)
===2018-08-30 23:22:25.403 INFO  org.springframework.web.servlet.mvc.method.annotation.RequestMappingHandlerMapping Line:547 - Mapped "{[/error],produces=[text/html]}" onto public org.springframework.web.servlet.ModelAndView org.springframework.boot.autoconfigure.web.servlet.error.BasicErrorController.errorHtml(javax.servlet.http.HttpServletRequest,javax.servlet.http.HttpServletResponse)
===2018-08-30 23:22:25.408 INFO  org.springframework.web.servlet.handler.SimpleUrlHandlerMapping Line:373 - Mapped URL path [/webjars/**] onto handler of type [class org.springframework.web.servlet.resource.ResourceHttpRequestHandler]
===2018-08-30 23:22:25.408 INFO  org.springframework.web.servlet.handler.SimpleUrlHandlerMapping Line:373 - Mapped URL path [/**] onto handler of type [class org.springframework.web.servlet.resource.ResourceHttpRequestHandler]
===2018-08-30 23:22:25.425 INFO  org.springframework.boot.autoconfigure.web.servlet.WelcomePageHandlerMapping Line:61  - Adding welcome page template: index
===2018-08-30 23:22:25.442 INFO  org.springframework.web.servlet.view.freemarker.FreeMarkerConfigurer Line:131 - ClassTemplateLoader for Spring macros added to FreeMarker configuration
===2018-08-30 23:22:25.472 INFO  org.springframework.boot.devtools.autoconfigure.OptionalLiveReloadServer Line:57  - LiveReload server is running on port 35729
===2018-08-30 23:22:25.483 INFO  org.springframework.jmx.export.annotation.AnnotationMBeanExporter Line:433 - Registering beans for JMX exposure on startup
===2018-08-30 23:22:25.483 INFO  org.springframework.jmx.export.annotation.AnnotationMBeanExporter Line:895 - Bean with name 'statFilter' has been autodetected for JMX exposure
===2018-08-30 23:22:25.484 INFO  org.springframework.jmx.export.annotation.AnnotationMBeanExporter Line:895 - Bean with name 'dataSource' has been autodetected for JMX exposure
===2018-08-30 23:22:25.485 INFO  org.springframework.jmx.export.annotation.AnnotationMBeanExporter Line:668 - Located MBean 'dataSource': registering with JMX server as MBean [com.alibaba.druid.spring.boot.autoconfigure:name=dataSource,type=DruidDataSourceWrapper]
===2018-08-30 23:22:25.486 INFO  org.springframework.jmx.export.annotation.AnnotationMBeanExporter Line:668 - Located MBean 'statFilter': registering with JMX server as MBean [com.alibaba.druid.filter.stat:name=statFilter,type=StatFilter]
===2018-08-30 23:22:25.492 INFO  org.springframework.boot.web.embedded.tomcat.TomcatWebServer Line:206 - Tomcat started on port(s): 8080 (http) with context path ''
===2018-08-30 23:22:25.493 INFO  com.rumo.RumoSpringbootBlogappApplication Line:59  - Started RumoSpringbootBlogappApplication in 0.775 seconds (JVM running for 35.23)
===2018-08-30 23:22:25.494 INFO  org.springframework.boot.devtools.autoconfigure.ConditionEvaluationDeltaLoggingListener Line:56  - Condition evaluation unchanged
===2018-08-30 23:22:42.007 INFO  org.springframework.boot.web.servlet.context.AnnotationConfigServletWebServerApplicationContext Line:993 - Closing org.springframework.boot.web.servlet.context.AnnotationConfigServletWebServerApplicationContext@5d8f597f: startup date [Thu Aug 30 23:22:24 CST 2018]; root of context hierarchy
===2018-08-30 23:22:42.009 INFO  org.springframework.jmx.export.annotation.AnnotationMBeanExporter Line:451 - Unregistering JMX-exposed beans on shutdown
===2018-08-30 23:22:42.009 INFO  org.springframework.jmx.export.annotation.AnnotationMBeanExporter Line:185 - Unregistering JMX-exposed beans
===2018-08-30 23:22:42.010 INFO  com.alibaba.druid.pool.DruidDataSource Line:1825 - {dataSource-3} closed
===2018-08-30 23:22:42.459 INFO  com.rumo.RumoSpringbootBlogappApplication Line:50  - Starting RumoSpringbootBlogappApplication on 5W16038EWPHNENY with PID 11800 (started by Administrator in F:\濡沫VIP课程\maven\rumo-springboot-blogapp)
===2018-08-30 23:22:42.460 INFO  com.rumo.RumoSpringbootBlogappApplication Line:666 - The following profiles are active: prod
===2018-08-30 23:22:42.462 INFO  org.springframework.boot.web.servlet.context.AnnotationConfigServletWebServerApplicationContext Line:590 - Refreshing org.springframework.boot.web.servlet.context.AnnotationConfigServletWebServerApplicationContext@34c25557: startup date [Thu Aug 30 23:22:42 CST 2018]; root of context hierarchy
===2018-08-30 23:22:42.928 INFO  org.springframework.boot.web.embedded.tomcat.TomcatWebServer Line:91  - Tomcat initialized with port(s): 8080 (http)
===2018-08-30 23:22:42.953 INFO  org.springframework.web.context.ContextLoader Line:285 - Root WebApplicationContext: initialization completed in 491 ms
===2018-08-30 23:22:42.969 INFO  org.springframework.boot.web.servlet.ServletRegistrationBean Line:187 - Servlet dispatcherServlet mapped to [/]
===2018-08-30 23:22:42.970 INFO  org.springframework.boot.web.servlet.ServletRegistrationBean Line:187 - Servlet statViewServlet mapped to [/druid/*]
===2018-08-30 23:22:42.970 INFO  org.springframework.boot.web.servlet.FilterRegistrationBean Line:245 - Mapping filter: 'characterEncodingFilter' to: [/*]
===2018-08-30 23:22:42.971 INFO  org.springframework.boot.web.servlet.FilterRegistrationBean Line:245 - Mapping filter: 'hiddenHttpMethodFilter' to: [/*]
===2018-08-30 23:22:42.971 INFO  org.springframework.boot.web.servlet.FilterRegistrationBean Line:245 - Mapping filter: 'httpPutFormContentFilter' to: [/*]
===2018-08-30 23:22:42.971 INFO  org.springframework.boot.web.servlet.FilterRegistrationBean Line:245 - Mapping filter: 'requestContextFilter' to: [/*]
===2018-08-30 23:22:42.971 INFO  org.springframework.boot.web.servlet.FilterRegistrationBean Line:258 - Mapping filter: 'webStatFilter' to urls: [/*]
===2018-08-30 23:22:42.997 INFO  com.alibaba.druid.spring.boot.autoconfigure.DruidDataSourceAutoConfigure Line:56  - Init DruidDataSource
===2018-08-30 23:22:43.023 INFO  com.alibaba.druid.pool.DruidDataSource Line:930 - {dataSource-4} inited
===2018-08-30 23:22:43.109 INFO  org.springframework.web.servlet.handler.SimpleUrlHandlerMapping Line:373 - Mapped URL path [/**/favicon.ico] onto handler of type [class org.springframework.web.servlet.resource.ResourceHttpRequestHandler]
===2018-08-30 23:22:43.143 INFO  org.springframework.web.servlet.mvc.method.annotation.RequestMappingHandlerAdapter Line:574 - Looking for @ControllerAdvice: org.springframework.boot.web.servlet.context.AnnotationConfigServletWebServerApplicationContext@34c25557: startup date [Thu Aug 30 23:22:42 CST 2018]; root of context hierarchy
===2018-08-30 23:22:43.151 INFO  org.springframework.web.servlet.mvc.method.annotation.RequestMappingHandlerMapping Line:547 - Mapped "{[/index]}" onto public java.lang.String com.rumo.controller.IndexController.index()
===2018-08-30 23:22:43.152 INFO  org.springframework.web.servlet.mvc.method.annotation.RequestMappingHandlerMapping Line:547 - Mapped "{[/blogs/{pageNo}/{pageSize}],methods=[GET]}" onto public com.rumo.vo.ServerResponse2 com.rumo.controller.IndexController.findBlogs(java.lang.Integer,java.lang.Integer,java.lang.String,java.lang.String)
===2018-08-30 23:22:43.155 INFO  org.springframework.web.servlet.mvc.method.annotation.RequestMappingHandlerMapping Line:547 - Mapped "{[/error]}" onto public org.springframework.http.ResponseEntity<java.util.Map<java.lang.String, java.lang.Object>> org.springframework.boot.autoconfigure.web.servlet.error.BasicErrorController.error(javax.servlet.http.HttpServletRequest)
===2018-08-30 23:22:43.156 INFO  org.springframework.web.servlet.mvc.method.annotation.RequestMappingHandlerMapping Line:547 - Mapped "{[/error],produces=[text/html]}" onto public org.springframework.web.servlet.ModelAndView org.springframework.boot.autoconfigure.web.servlet.error.BasicErrorController.errorHtml(javax.servlet.http.HttpServletRequest,javax.servlet.http.HttpServletResponse)
===2018-08-30 23:22:43.166 INFO  org.springframework.web.servlet.handler.SimpleUrlHandlerMapping Line:373 - Mapped URL path [/webjars/**] onto handler of type [class org.springframework.web.servlet.resource.ResourceHttpRequestHandler]
===2018-08-30 23:22:43.166 INFO  org.springframework.web.servlet.handler.SimpleUrlHandlerMapping Line:373 - Mapped URL path [/**] onto handler of type [class org.springframework.web.servlet.resource.ResourceHttpRequestHandler]
===2018-08-30 23:22:43.188 INFO  org.springframework.boot.autoconfigure.web.servlet.WelcomePageHandlerMapping Line:61  - Adding welcome page template: index
===2018-08-30 23:22:43.218 INFO  org.springframework.web.servlet.view.freemarker.FreeMarkerConfigurer Line:131 - ClassTemplateLoader for Spring macros added to FreeMarker configuration
===2018-08-30 23:22:43.243 INFO  org.springframework.boot.devtools.autoconfigure.OptionalLiveReloadServer Line:57  - LiveReload server is running on port 35729
===2018-08-30 23:22:43.255 INFO  org.springframework.jmx.export.annotation.AnnotationMBeanExporter Line:433 - Registering beans for JMX exposure on startup
===2018-08-30 23:22:43.255 INFO  org.springframework.jmx.export.annotation.AnnotationMBeanExporter Line:895 - Bean with name 'statFilter' has been autodetected for JMX exposure
===2018-08-30 23:22:43.255 INFO  org.springframework.jmx.export.annotation.AnnotationMBeanExporter Line:895 - Bean with name 'dataSource' has been autodetected for JMX exposure
===2018-08-30 23:22:43.258 INFO  org.springframework.jmx.export.annotation.AnnotationMBeanExporter Line:668 - Located MBean 'dataSource': registering with JMX server as MBean [com.alibaba.druid.spring.boot.autoconfigure:name=dataSource,type=DruidDataSourceWrapper]
===2018-08-30 23:22:43.258 INFO  org.springframework.jmx.export.annotation.AnnotationMBeanExporter Line:668 - Located MBean 'statFilter': registering with JMX server as MBean [com.alibaba.druid.filter.stat:name=statFilter,type=StatFilter]
===2018-08-30 23:22:43.279 INFO  org.springframework.boot.web.embedded.tomcat.TomcatWebServer Line:206 - Tomcat started on port(s): 8080 (http) with context path ''
===2018-08-30 23:22:43.280 INFO  com.rumo.RumoSpringbootBlogappApplication Line:59  - Started RumoSpringbootBlogappApplication in 0.861 seconds (JVM running for 53.017)
===2018-08-30 23:22:43.282 INFO  org.springframework.boot.devtools.autoconfigure.ConditionEvaluationDeltaLoggingListener Line:56  - Condition evaluation unchanged
===2018-08-30 23:22:53.757 INFO  com.rumo.RumoSpringbootBlogappApplication Line:50  - Starting RumoSpringbootBlogappApplication on 5W16038EWPHNENY with PID 16788 (started by Administrator in F:\濡沫VIP课程\maven\rumo-springboot-blogapp)
===2018-08-30 23:22:53.758 INFO  com.rumo.RumoSpringbootBlogappApplication Line:666 - The following profiles are active: prod
===2018-08-30 23:22:53.802 INFO  org.springframework.boot.web.servlet.context.AnnotationConfigServletWebServerApplicationContext Line:590 - Refreshing org.springframework.boot.web.servlet.context.AnnotationConfigServletWebServerApplicationContext@5e640906: startup date [Thu Aug 30 23:22:53 CST 2018]; root of context hierarchy
===2018-08-30 23:22:56.030 INFO  org.springframework.boot.web.embedded.tomcat.TomcatWebServer Line:91  - Tomcat initialized with port(s): 8080 (http)
===2018-08-30 23:22:56.237 INFO  org.springframework.web.context.ContextLoader Line:285 - Root WebApplicationContext: initialization completed in 2435 ms
===2018-08-30 23:22:56.325 INFO  org.springframework.boot.web.servlet.ServletRegistrationBean Line:187 - Servlet dispatcherServlet mapped to [/]
===2018-08-30 23:22:56.326 INFO  org.springframework.boot.web.servlet.ServletRegistrationBean Line:187 - Servlet statViewServlet mapped to [/druid/*]
===2018-08-30 23:22:56.329 INFO  org.springframework.boot.web.servlet.FilterRegistrationBean Line:245 - Mapping filter: 'characterEncodingFilter' to: [/*]
===2018-08-30 23:22:56.329 INFO  org.springframework.boot.web.servlet.FilterRegistrationBean Line:245 - Mapping filter: 'hiddenHttpMethodFilter' to: [/*]
===2018-08-30 23:22:56.330 INFO  org.springframework.boot.web.servlet.FilterRegistrationBean Line:245 - Mapping filter: 'httpPutFormContentFilter' to: [/*]
===2018-08-30 23:22:56.330 INFO  org.springframework.boot.web.servlet.FilterRegistrationBean Line:245 - Mapping filter: 'requestContextFilter' to: [/*]
===2018-08-30 23:22:56.330 INFO  org.springframework.boot.web.servlet.FilterRegistrationBean Line:258 - Mapping filter: 'webStatFilter' to urls: [/*]
===2018-08-30 23:22:56.475 INFO  com.alibaba.druid.spring.boot.autoconfigure.DruidDataSourceAutoConfigure Line:56  - Init DruidDataSource
===2018-08-30 23:22:56.628 INFO  com.alibaba.druid.pool.DruidDataSource Line:930 - {dataSource-1} inited
===2018-08-30 23:22:56.993 INFO  org.springframework.web.servlet.handler.SimpleUrlHandlerMapping Line:373 - Mapped URL path [/**/favicon.ico] onto handler of type [class org.springframework.web.servlet.resource.ResourceHttpRequestHandler]
===2018-08-30 23:22:57.239 INFO  org.springframework.web.servlet.mvc.method.annotation.RequestMappingHandlerAdapter Line:574 - Looking for @ControllerAdvice: org.springframework.boot.web.servlet.context.AnnotationConfigServletWebServerApplicationContext@5e640906: startup date [Thu Aug 30 23:22:53 CST 2018]; root of context hierarchy
===2018-08-30 23:22:57.332 INFO  org.springframework.web.servlet.mvc.method.annotation.RequestMappingHandlerMapping Line:547 - Mapped "{[/index]}" onto public java.lang.String com.rumo.controller.IndexController.index()
===2018-08-30 23:22:57.333 INFO  org.springframework.web.servlet.mvc.method.annotation.RequestMappingHandlerMapping Line:547 - Mapped "{[/blogs/{pageNo}/{pageSize}],methods=[GET]}" onto public com.rumo.vo.ServerResponse2 com.rumo.controller.IndexController.findBlogs(java.lang.Integer,java.lang.Integer,java.lang.String,java.lang.String)
===2018-08-30 23:22:57.336 INFO  org.springframework.web.servlet.mvc.method.annotation.RequestMappingHandlerMapping Line:547 - Mapped "{[/error]}" onto public org.springframework.http.ResponseEntity<java.util.Map<java.lang.String, java.lang.Object>> org.springframework.boot.autoconfigure.web.servlet.error.BasicErrorController.error(javax.servlet.http.HttpServletRequest)
===2018-08-30 23:22:57.337 INFO  org.springframework.web.servlet.mvc.method.annotation.RequestMappingHandlerMapping Line:547 - Mapped "{[/error],produces=[text/html]}" onto public org.springframework.web.servlet.ModelAndView org.springframework.boot.autoconfigure.web.servlet.error.BasicErrorController.errorHtml(javax.servlet.http.HttpServletRequest,javax.servlet.http.HttpServletResponse)
===2018-08-30 23:22:57.386 INFO  org.springframework.web.servlet.handler.SimpleUrlHandlerMapping Line:373 - Mapped URL path [/webjars/**] onto handler of type [class org.springframework.web.servlet.resource.ResourceHttpRequestHandler]
===2018-08-30 23:22:57.386 INFO  org.springframework.web.servlet.handler.SimpleUrlHandlerMapping Line:373 - Mapped URL path [/**] onto handler of type [class org.springframework.web.servlet.resource.ResourceHttpRequestHandler]
===2018-08-30 23:22:57.476 INFO  org.springframework.boot.autoconfigure.web.servlet.WelcomePageHandlerMapping Line:61  - Adding welcome page template: index
===2018-08-30 23:22:57.698 INFO  org.springframework.web.servlet.view.freemarker.FreeMarkerConfigurer Line:131 - ClassTemplateLoader for Spring macros added to FreeMarker configuration
===2018-08-30 23:22:57.903 INFO  org.springframework.boot.devtools.autoconfigure.OptionalLiveReloadServer Line:57  - LiveReload server is running on port 35729
===2018-08-30 23:22:57.939 INFO  org.springframework.jmx.export.annotation.AnnotationMBeanExporter Line:433 - Registering beans for JMX exposure on startup
===2018-08-30 23:22:57.941 INFO  org.springframework.jmx.export.annotation.AnnotationMBeanExporter Line:895 - Bean with name 'statFilter' has been autodetected for JMX exposure
===2018-08-30 23:22:57.942 INFO  org.springframework.jmx.export.annotation.AnnotationMBeanExporter Line:895 - Bean with name 'dataSource' has been autodetected for JMX exposure
===2018-08-30 23:22:57.953 INFO  org.springframework.jmx.export.annotation.AnnotationMBeanExporter Line:668 - Located MBean 'dataSource': registering with JMX server as MBean [com.alibaba.druid.spring.boot.autoconfigure:name=dataSource,type=DruidDataSourceWrapper]
===2018-08-30 23:22:57.954 INFO  org.springframework.jmx.export.annotation.AnnotationMBeanExporter Line:668 - Located MBean 'statFilter': registering with JMX server as MBean [com.alibaba.druid.filter.stat:name=statFilter,type=StatFilter]
===2018-08-30 23:22:58.006 INFO  org.springframework.boot.web.embedded.tomcat.TomcatWebServer Line:206 - Tomcat started on port(s): 8080 (http) with context path ''
===2018-08-30 23:22:58.011 INFO  com.rumo.RumoSpringbootBlogappApplication Line:59  - Started RumoSpringbootBlogappApplication in 4.646 seconds (JVM running for 5.147)
===2018-08-30 23:23:11.247 INFO  org.springframework.web.servlet.DispatcherServlet Line:494 - FrameworkServlet 'dispatcherServlet': initialization started
===2018-08-30 23:23:11.267 INFO  org.springframework.web.servlet.DispatcherServlet Line:509 - FrameworkServlet 'dispatcherServlet': initialization completed in 20 ms
===2018-08-30 23:23:41.639 INFO  org.springframework.boot.web.servlet.context.AnnotationConfigServletWebServerApplicationContext Line:993 - Closing org.springframework.boot.web.servlet.context.AnnotationConfigServletWebServerApplicationContext@5e640906: startup date [Thu Aug 30 23:22:53 CST 2018]; root of context hierarchy
===2018-08-30 23:23:41.642 INFO  org.springframework.jmx.export.annotation.AnnotationMBeanExporter Line:451 - Unregistering JMX-exposed beans on shutdown
===2018-08-30 23:23:41.643 INFO  org.springframework.jmx.export.annotation.AnnotationMBeanExporter Line:185 - Unregistering JMX-exposed beans
===2018-08-30 23:23:41.646 INFO  com.alibaba.druid.pool.DruidDataSource Line:1825 - {dataSource-1} closed
