===2018-08-28 20:54:58.700 INFO  com.rumo.RumoApplication Line:50  - Starting RumoApplication on 5W16038EWPHNENY with PID 6732 (started by Administrator in F:\濡沫VIP课程\maven\rumo-springboot-logback-08)
===2018-08-28 20:54:58.700 INFO  com.rumo.RumoApplication Line:666 - The following profiles are active: prod
===2018-08-28 20:54:58.701 INFO  org.springframework.boot.web.servlet.context.AnnotationConfigServletWebServerApplicationContext Line:590 - Refreshing org.springframework.boot.web.servlet.context.AnnotationConfigServletWebServerApplicationContext@6c1fbdb6: startup date [Tue Aug 28 20:54:58 CST 2018]; root of context hierarchy
===2018-08-28 20:54:58.898 INFO  org.springframework.boot.web.embedded.tomcat.TomcatWebServer Line:91  - Tomcat initialized with port(s): 8088 (http)
===2018-08-28 20:54:58.918 INFO  org.springframework.web.context.ContextLoader Line:285 - Root WebApplicationContext: initialization completed in 217 ms
===2018-08-28 20:54:58.923 INFO  org.springframework.boot.web.servlet.ServletRegistrationBean Line:187 - Servlet dispatcherServlet mapped to [/]
===2018-08-28 20:54:58.924 INFO  org.springframework.boot.web.servlet.FilterRegistrationBean Line:245 - Mapping filter: 'characterEncodingFilter' to: [/*]
===2018-08-28 20:54:58.924 INFO  org.springframework.boot.web.servlet.FilterRegistrationBean Line:245 - Mapping filter: 'hiddenHttpMethodFilter' to: [/*]
===2018-08-28 20:54:58.924 INFO  org.springframework.boot.web.servlet.FilterRegistrationBean Line:245 - Mapping filter: 'httpPutFormContentFilter' to: [/*]
===2018-08-28 20:54:58.924 INFO  org.springframework.boot.web.servlet.FilterRegistrationBean Line:245 - Mapping filter: 'requestContextFilter' to: [/*]
===2018-08-28 20:54:58.938 INFO  org.springframework.web.servlet.handler.SimpleUrlHandlerMapping Line:373 - Mapped URL path [/**/favicon.ico] onto handler of type [class org.springframework.web.servlet.resource.ResourceHttpRequestHandler]
===2018-08-28 20:54:58.961 INFO  org.springframework.web.servlet.mvc.method.annotation.RequestMappingHandlerAdapter Line:574 - Looking for @ControllerAdvice: org.springframework.boot.web.servlet.context.AnnotationConfigServletWebServerApplicationContext@6c1fbdb6: startup date [Tue Aug 28 20:54:58 CST 2018]; root of context hierarchy
===2018-08-28 20:54:58.966 INFO  org.springframework.web.servlet.mvc.method.annotation.RequestMappingHandlerMapping Line:547 - Mapped "{[/index]}" onto public java.lang.String com.rumo.web.IndexController.index(java.lang.String)
===2018-08-28 20:54:58.967 INFO  org.springframework.web.servlet.mvc.method.annotation.RequestMappingHandlerMapping Line:547 - Mapped "{[/log]}" onto public java.lang.String com.rumo.web.LogbackController.index(java.lang.String)
===2018-08-28 20:54:58.968 INFO  org.springframework.web.servlet.mvc.method.annotation.RequestMappingHandlerMapping Line:547 - Mapped "{[/login]}" onto public java.lang.String com.rumo.web.LoginController.login()
===2018-08-28 20:54:58.970 INFO  org.springframework.web.servlet.mvc.method.annotation.RequestMappingHandlerMapping Line:547 - Mapped "{[/error]}" onto public org.springframework.http.ResponseEntity<java.util.Map<java.lang.String, java.lang.Object>> org.springframework.boot.autoconfigure.web.servlet.error.BasicErrorController.error(javax.servlet.http.HttpServletRequest)
===2018-08-28 20:54:58.970 INFO  org.springframework.web.servlet.mvc.method.annotation.RequestMappingHandlerMapping Line:547 - Mapped "{[/error],produces=[text/html]}" onto public org.springframework.web.servlet.ModelAndView org.springframework.boot.autoconfigure.web.servlet.error.BasicErrorController.errorHtml(javax.servlet.http.HttpServletRequest,javax.servlet.http.HttpServletResponse)
===2018-08-28 20:54:58.973 INFO  org.springframework.web.servlet.handler.SimpleUrlHandlerMapping Line:373 - Mapped URL path [/webjars/**] onto handler of type [class org.springframework.web.servlet.resource.ResourceHttpRequestHandler]
===2018-08-28 20:54:58.973 INFO  org.springframework.web.servlet.handler.SimpleUrlHandlerMapping Line:373 - Mapped URL path [/**] onto handler of type [class org.springframework.web.servlet.resource.ResourceHttpRequestHandler]
===2018-08-28 20:54:58.985 INFO  org.springframework.boot.autoconfigure.web.servlet.WelcomePageHandlerMapping Line:61  - Adding welcome page template: index
===2018-08-28 20:54:58.989 INFO  org.springframework.web.servlet.view.freemarker.FreeMarkerConfigurer Line:131 - ClassTemplateLoader for Spring macros added to FreeMarker configuration
===2018-08-28 20:54:58.999 INFO  org.springframework.boot.devtools.autoconfigure.OptionalLiveReloadServer Line:57  - LiveReload server is running on port 35729
===2018-08-28 20:54:59.005 INFO  org.springframework.jmx.export.annotation.AnnotationMBeanExporter Line:433 - Registering beans for JMX exposure on startup
===2018-08-28 20:54:59.014 INFO  org.springframework.boot.web.embedded.tomcat.TomcatWebServer Line:206 - Tomcat started on port(s): 8088 (http) with context path ''
===2018-08-28 20:54:59.015 INFO  com.rumo.RumoApplication Line:59  - Started RumoApplication in 0.341 seconds (JVM running for 1536.74)
===2018-08-28 20:54:59.017 INFO  org.springframework.boot.devtools.autoconfigure.ConditionEvaluationDeltaLoggingListener Line:56  - Condition evaluation unchanged
===2018-08-28 20:55:09.440 INFO  org.springframework.boot.web.servlet.context.AnnotationConfigServletWebServerApplicationContext Line:993 - Closing org.springframework.boot.web.servlet.context.AnnotationConfigServletWebServerApplicationContext@6c1fbdb6: startup date [Tue Aug 28 20:54:58 CST 2018]; root of context hierarchy
===2018-08-28 20:55:09.441 INFO  org.springframework.jmx.export.annotation.AnnotationMBeanExporter Line:451 - Unregistering JMX-exposed beans on shutdown
===2018-08-28 20:55:09.737 INFO  com.rumo.RumoApplication Line:50  - Starting RumoApplication on 5W16038EWPHNENY with PID 6732 (started by Administrator in F:\濡沫VIP课程\maven\rumo-springboot-logback-08)
===2018-08-28 20:55:09.738 INFO  com.rumo.RumoApplication Line:666 - The following profiles are active: prod
===2018-08-28 20:55:09.739 INFO  org.springframework.boot.web.servlet.context.AnnotationConfigServletWebServerApplicationContext Line:590 - Refreshing org.springframework.boot.web.servlet.context.AnnotationConfigServletWebServerApplicationContext@3140a3bb: startup date [Tue Aug 28 20:55:09 CST 2018]; root of context hierarchy
===2018-08-28 20:55:09.917 INFO  org.springframework.boot.web.embedded.tomcat.TomcatWebServer Line:91  - Tomcat initialized with port(s): 8088 (http)
===2018-08-28 20:55:09.926 INFO  org.springframework.web.context.ContextLoader Line:285 - Root WebApplicationContext: initialization completed in 187 ms
===2018-08-28 20:55:09.930 INFO  org.springframework.boot.web.servlet.ServletRegistrationBean Line:187 - Servlet dispatcherServlet mapped to [/]
===2018-08-28 20:55:09.931 INFO  org.springframework.boot.web.servlet.FilterRegistrationBean Line:245 - Mapping filter: 'characterEncodingFilter' to: [/*]
===2018-08-28 20:55:09.931 INFO  org.springframework.boot.web.servlet.FilterRegistrationBean Line:245 - Mapping filter: 'hiddenHttpMethodFilter' to: [/*]
===2018-08-28 20:55:09.931 INFO  org.springframework.boot.web.servlet.FilterRegistrationBean Line:245 - Mapping filter: 'httpPutFormContentFilter' to: [/*]
===2018-08-28 20:55:09.931 INFO  org.springframework.boot.web.servlet.FilterRegistrationBean Line:245 - Mapping filter: 'requestContextFilter' to: [/*]
===2018-08-28 20:55:09.945 INFO  org.springframework.web.servlet.handler.SimpleUrlHandlerMapping Line:373 - Mapped URL path [/**/favicon.ico] onto handler of type [class org.springframework.web.servlet.resource.ResourceHttpRequestHandler]
===2018-08-28 20:55:09.960 INFO  org.springframework.web.servlet.mvc.method.annotation.RequestMappingHandlerAdapter Line:574 - Looking for @ControllerAdvice: org.springframework.boot.web.servlet.context.AnnotationConfigServletWebServerApplicationContext@3140a3bb: startup date [Tue Aug 28 20:55:09 CST 2018]; root of context hierarchy
===2018-08-28 20:55:09.962 INFO  org.springframework.web.servlet.mvc.method.annotation.RequestMappingHandlerMapping Line:547 - Mapped "{[/index]}" onto public java.lang.String com.rumo.web.IndexController.index(java.lang.String)
===2018-08-28 20:55:09.962 INFO  org.springframework.web.servlet.mvc.method.annotation.RequestMappingHandlerMapping Line:547 - Mapped "{[/log]}" onto public java.lang.String com.rumo.web.LogbackController.index(java.lang.String)
===2018-08-28 20:55:09.962 INFO  org.springframework.web.servlet.mvc.method.annotation.RequestMappingHandlerMapping Line:547 - Mapped "{[/login]}" onto public java.lang.String com.rumo.web.LoginController.login()
===2018-08-28 20:55:09.963 INFO  org.springframework.web.servlet.mvc.method.annotation.RequestMappingHandlerMapping Line:547 - Mapped "{[/error]}" onto public org.springframework.http.ResponseEntity<java.util.Map<java.lang.String, java.lang.Object>> org.springframework.boot.autoconfigure.web.servlet.error.BasicErrorController.error(javax.servlet.http.HttpServletRequest)
===2018-08-28 20:55:09.964 INFO  org.springframework.web.servlet.mvc.method.annotation.RequestMappingHandlerMapping Line:547 - Mapped "{[/error],produces=[text/html]}" onto public org.springframework.web.servlet.ModelAndView org.springframework.boot.autoconfigure.web.servlet.error.BasicErrorController.errorHtml(javax.servlet.http.HttpServletRequest,javax.servlet.http.HttpServletResponse)
===2018-08-28 20:55:09.967 INFO  org.springframework.web.servlet.handler.SimpleUrlHandlerMapping Line:373 - Mapped URL path [/webjars/**] onto handler of type [class org.springframework.web.servlet.resource.ResourceHttpRequestHandler]
===2018-08-28 20:55:09.968 INFO  org.springframework.web.servlet.handler.SimpleUrlHandlerMapping Line:373 - Mapped URL path [/**] onto handler of type [class org.springframework.web.servlet.resource.ResourceHttpRequestHandler]
===2018-08-28 20:55:09.975 INFO  org.springframework.boot.autoconfigure.web.servlet.WelcomePageHandlerMapping Line:61  - Adding welcome page template: index
===2018-08-28 20:55:09.978 INFO  org.springframework.web.servlet.view.freemarker.FreeMarkerConfigurer Line:131 - ClassTemplateLoader for Spring macros added to FreeMarker configuration
===2018-08-28 20:55:09.984 INFO  org.springframework.boot.devtools.autoconfigure.OptionalLiveReloadServer Line:57  - LiveReload server is running on port 35729
===2018-08-28 20:55:09.988 INFO  org.springframework.jmx.export.annotation.AnnotationMBeanExporter Line:433 - Registering beans for JMX exposure on startup
===2018-08-28 20:55:09.993 INFO  org.springframework.boot.web.embedded.tomcat.TomcatWebServer Line:206 - Tomcat started on port(s): 8088 (http) with context path ''
===2018-08-28 20:55:09.994 INFO  com.rumo.RumoApplication Line:59  - Started RumoApplication in 0.28 seconds (JVM running for 1547.719)
===2018-08-28 20:55:09.994 INFO  org.springframework.boot.devtools.autoconfigure.ConditionEvaluationDeltaLoggingListener Line:56  - Condition evaluation unchanged
===2018-08-28 20:57:05.255 INFO  org.springframework.boot.web.servlet.context.AnnotationConfigServletWebServerApplicationContext Line:993 - Closing org.springframework.boot.web.servlet.context.AnnotationConfigServletWebServerApplicationContext@3140a3bb: startup date [Tue Aug 28 20:55:09 CST 2018]; root of context hierarchy
===2018-08-28 20:57:05.256 INFO  org.springframework.jmx.export.annotation.AnnotationMBeanExporter Line:451 - Unregistering JMX-exposed beans on shutdown
===2018-08-28 20:57:05.581 INFO  com.rumo.RumoApplication Line:50  - Starting RumoApplication on 5W16038EWPHNENY with PID 6732 (started by Administrator in F:\濡沫VIP课程\maven\rumo-springboot-logback-08)
===2018-08-28 20:57:05.581 INFO  com.rumo.RumoApplication Line:666 - The following profiles are active: prod
===2018-08-28 20:57:05.583 INFO  org.springframework.boot.web.servlet.context.AnnotationConfigServletWebServerApplicationContext Line:590 - Refreshing org.springframework.boot.web.servlet.context.AnnotationConfigServletWebServerApplicationContext@2e64620c: startup date [Tue Aug 28 20:57:05 CST 2018]; root of context hierarchy
===2018-08-28 20:57:05.801 INFO  org.springframework.boot.web.embedded.tomcat.TomcatWebServer Line:91  - Tomcat initialized with port(s): 8088 (http)
===2018-08-28 20:57:05.817 INFO  org.springframework.web.context.ContextLoader Line:285 - Root WebApplicationContext: initialization completed in 233 ms
===2018-08-28 20:57:05.824 INFO  org.springframework.boot.web.servlet.ServletRegistrationBean Line:187 - Servlet dispatcherServlet mapped to [/]
===2018-08-28 20:57:05.825 INFO  org.springframework.boot.web.servlet.FilterRegistrationBean Line:245 - Mapping filter: 'characterEncodingFilter' to: [/*]
===2018-08-28 20:57:05.825 INFO  org.springframework.boot.web.servlet.FilterRegistrationBean Line:245 - Mapping filter: 'hiddenHttpMethodFilter' to: [/*]
===2018-08-28 20:57:05.826 INFO  org.springframework.boot.web.servlet.FilterRegistrationBean Line:245 - Mapping filter: 'httpPutFormContentFilter' to: [/*]
===2018-08-28 20:57:05.826 INFO  org.springframework.boot.web.servlet.FilterRegistrationBean Line:245 - Mapping filter: 'requestContextFilter' to: [/*]
===2018-08-28 20:57:05.854 INFO  org.springframework.web.servlet.handler.SimpleUrlHandlerMapping Line:373 - Mapped URL path [/**/favicon.ico] onto handler of type [class org.springframework.web.servlet.resource.ResourceHttpRequestHandler]
===2018-08-28 20:57:05.881 INFO  org.springframework.web.servlet.mvc.method.annotation.RequestMappingHandlerAdapter Line:574 - Looking for @ControllerAdvice: org.springframework.boot.web.servlet.context.AnnotationConfigServletWebServerApplicationContext@2e64620c: startup date [Tue Aug 28 20:57:05 CST 2018]; root of context hierarchy
===2018-08-28 20:57:05.887 INFO  org.springframework.web.servlet.mvc.method.annotation.RequestMappingHandlerMapping Line:547 - Mapped "{[/index]}" onto public java.lang.String com.rumo.web.IndexController.index(java.lang.String)
===2018-08-28 20:57:05.888 INFO  org.springframework.web.servlet.mvc.method.annotation.RequestMappingHandlerMapping Line:547 - Mapped "{[/log]}" onto public java.lang.String com.rumo.web.LogbackController.index(java.lang.String)
===2018-08-28 20:57:05.888 INFO  org.springframework.web.servlet.mvc.method.annotation.RequestMappingHandlerMapping Line:547 - Mapped "{[/login]}" onto public java.lang.String com.rumo.web.LoginController.login()
===2018-08-28 20:57:05.892 INFO  org.springframework.web.servlet.mvc.method.annotation.RequestMappingHandlerMapping Line:547 - Mapped "{[/error]}" onto public org.springframework.http.ResponseEntity<java.util.Map<java.lang.String, java.lang.Object>> org.springframework.boot.autoconfigure.web.servlet.error.BasicErrorController.error(javax.servlet.http.HttpServletRequest)
===2018-08-28 20:57:05.892 INFO  org.springframework.web.servlet.mvc.method.annotation.RequestMappingHandlerMapping Line:547 - Mapped "{[/error],produces=[text/html]}" onto public org.springframework.web.servlet.ModelAndView org.springframework.boot.autoconfigure.web.servlet.error.BasicErrorController.errorHtml(javax.servlet.http.HttpServletRequest,javax.servlet.http.HttpServletResponse)
===2018-08-28 20:57:05.897 INFO  org.springframework.web.servlet.handler.SimpleUrlHandlerMapping Line:373 - Mapped URL path [/webjars/**] onto handler of type [class org.springframework.web.servlet.resource.ResourceHttpRequestHandler]
===2018-08-28 20:57:05.897 INFO  org.springframework.web.servlet.handler.SimpleUrlHandlerMapping Line:373 - Mapped URL path [/**] onto handler of type [class org.springframework.web.servlet.resource.ResourceHttpRequestHandler]
===2018-08-28 20:57:05.911 INFO  org.springframework.boot.autoconfigure.web.servlet.WelcomePageHandlerMapping Line:61  - Adding welcome page template: index
===2018-08-28 20:57:05.915 INFO  org.springframework.web.servlet.view.freemarker.FreeMarkerConfigurer Line:131 - ClassTemplateLoader for Spring macros added to FreeMarker configuration
===2018-08-28 20:57:05.929 INFO  org.springframework.boot.devtools.autoconfigure.OptionalLiveReloadServer Line:57  - LiveReload server is running on port 35729
===2018-08-28 20:57:05.944 INFO  org.springframework.jmx.export.annotation.AnnotationMBeanExporter Line:433 - Registering beans for JMX exposure on startup
===2018-08-28 20:57:05.963 INFO  org.springframework.boot.web.embedded.tomcat.TomcatWebServer Line:206 - Tomcat started on port(s): 8088 (http) with context path ''
===2018-08-28 20:57:05.964 INFO  com.rumo.RumoApplication Line:59  - Started RumoApplication in 0.413 seconds (JVM running for 1663.689)
===2018-08-28 20:57:05.965 INFO  org.springframework.boot.devtools.autoconfigure.ConditionEvaluationDeltaLoggingListener Line:56  - Condition evaluation unchanged
