2018-09-09 16:18:01  [ AMQP Connection 47.104.109.215:5672:1822 ] - [ ERROR ]  Channel shutdown: channel error; protocol method: #method<channel.close>(reply-code=406, reply-text=PRECONDITION_FAILED - inequivalent arg 'auto_delete' for queue 'myQueue_publish' in vhost '/rumo': received 'true' but current is 'false', class-id=50, method-id=10)
2018-09-09 16:18:01  [ org.springframework.amqp.rabbit.listener.SimpleMessageListenerContainer#0-1:1922 ] - [ ERROR ]  Consumer received fatal exception on startup
org.springframework.amqp.rabbit.listener.exception.FatalListenerStartupException: Mismatched queues
	at org.springframework.amqp.rabbit.listener.SimpleMessageListenerContainer.redeclareElementsIfNecessary(SimpleMessageListenerContainer.java:1221)
	at org.springframework.amqp.rabbit.listener.SimpleMessageListenerContainer$AsyncMessageProcessingConsumer.run(SimpleMessageListenerContainer.java:1470)
	at java.lang.Thread.run(Thread.java:748)
Caused by: org.springframework.amqp.AmqpIOException: java.io.IOException
	at org.springframework.amqp.rabbit.support.RabbitExceptionTranslator.convertRabbitAccessException(RabbitExceptionTranslator.java:71)
	at org.springframework.amqp.rabbit.connection.RabbitAccessor.convertRabbitAccessException(RabbitAccessor.java:113)
	at org.springframework.amqp.rabbit.core.RabbitTemplate.doExecute(RabbitTemplate.java:1467)
	at org.springframework.amqp.rabbit.core.RabbitTemplate.execute(RabbitTemplate.java:1417)
	at org.springframework.amqp.rabbit.core.RabbitTemplate.execute(RabbitTemplate.java:1393)
	at org.springframework.amqp.rabbit.core.RabbitAdmin.initialize(RabbitAdmin.java:504)
	at org.springframework.amqp.rabbit.core.RabbitAdmin$11.onCreate(RabbitAdmin.java:419)
	at org.springframework.amqp.rabbit.connection.CompositeConnectionListener.onCreate(CompositeConnectionListener.java:33)
	at org.springframework.amqp.rabbit.connection.CachingConnectionFactory.createConnection(CachingConnectionFactory.java:579)
	at org.springframework.amqp.rabbit.core.RabbitTemplate.doExecute(RabbitTemplate.java:1436)
	at org.springframework.amqp.rabbit.core.RabbitTemplate.execute(RabbitTemplate.java:1417)
	at org.springframework.amqp.rabbit.core.RabbitTemplate.execute(RabbitTemplate.java:1393)
	at org.springframework.amqp.rabbit.core.RabbitAdmin.getQueueProperties(RabbitAdmin.java:336)
	at org.springframework.amqp.rabbit.listener.SimpleMessageListenerContainer.redeclareElementsIfNecessary(SimpleMessageListenerContainer.java:1209)
	... 2 more
Caused by: java.io.IOException
	at com.rabbitmq.client.impl.AMQChannel.wrap(AMQChannel.java:124)
	at com.rabbitmq.client.impl.AMQChannel.wrap(AMQChannel.java:120)
	at com.rabbitmq.client.impl.AMQChannel.exnWrappingRpc(AMQChannel.java:142)
	at com.rabbitmq.client.impl.ChannelN.queueDeclare(ChannelN.java:958)
	at com.rabbitmq.client.impl.ChannelN.queueDeclare(ChannelN.java:53)
	at sun.reflect.NativeMethodAccessorImpl.invoke0(Native Method)
	at sun.reflect.NativeMethodAccessorImpl.invoke(NativeMethodAccessorImpl.java:62)
	at sun.reflect.DelegatingMethodAccessorImpl.invoke(DelegatingMethodAccessorImpl.java:43)
	at java.lang.reflect.Method.invoke(Method.java:498)
	at org.springframework.amqp.rabbit.connection.CachingConnectionFactory$CachedChannelInvocationHandler.invoke(CachingConnectionFactory.java:980)
	at com.sun.proxy.$Proxy5.queueDeclare(Unknown Source)
	at org.springframework.amqp.rabbit.core.RabbitAdmin.declareQueues(RabbitAdmin.java:579)
	at org.springframework.amqp.rabbit.core.RabbitAdmin.access$200(RabbitAdmin.java:66)
	at org.springframework.amqp.rabbit.core.RabbitAdmin$12.doInRabbit(RabbitAdmin.java:508)
	at org.springframework.amqp.rabbit.core.RabbitTemplate.doExecute(RabbitTemplate.java:1461)
	... 13 more
Caused by: com.rabbitmq.client.ShutdownSignalException: channel error; protocol method: #method<channel.close>(reply-code=406, reply-text=PRECONDITION_FAILED - inequivalent arg 'auto_delete' for queue 'myQueue_publish' in vhost '/rumo': received 'true' but current is 'false', class-id=50, method-id=10)
	at com.rabbitmq.utility.ValueOrException.getValue(ValueOrException.java:66)
	at com.rabbitmq.utility.BlockingValueOrException.uninterruptibleGetValue(BlockingValueOrException.java:36)
	at com.rabbitmq.client.impl.AMQChannel$BlockingRpcContinuation.getReply(AMQChannel.java:443)
	at com.rabbitmq.client.impl.AMQChannel.privateRpc(AMQChannel.java:263)
	at com.rabbitmq.client.impl.AMQChannel.exnWrappingRpc(AMQChannel.java:136)
	... 25 more
Caused by: com.rabbitmq.client.ShutdownSignalException: channel error; protocol method: #method<channel.close>(reply-code=406, reply-text=PRECONDITION_FAILED - inequivalent arg 'auto_delete' for queue 'myQueue_publish' in vhost '/rumo': received 'true' but current is 'false', class-id=50, method-id=10)
	at com.rabbitmq.client.impl.ChannelN.asyncShutdown(ChannelN.java:515)
	at com.rabbitmq.client.impl.ChannelN.processAsync(ChannelN.java:340)
	at com.rabbitmq.client.impl.AMQChannel.handleCompleteInboundCommand(AMQChannel.java:162)
	at com.rabbitmq.client.impl.AMQChannel.handleFrame(AMQChannel.java:109)
	at com.rabbitmq.client.impl.AMQConnection.readFrame(AMQConnection.java:676)
	at com.rabbitmq.client.impl.AMQConnection.access$300(AMQConnection.java:48)
	at com.rabbitmq.client.impl.AMQConnection$MainLoop.run(AMQConnection.java:603)
	... 1 more
2018-09-09 16:18:01  [ org.springframework.amqp.rabbit.listener.SimpleMessageListenerContainer#0-1:1930 ] - [ ERROR ]  Stopping container from aborted consumer
